C51 COMPILER V6.12  BARK                                                                   07/20/2015 16:37:40 PAGE 1   


C51 COMPILER V6.12, COMPILATION OF MODULE BARK
OBJECT MODULE PLACED IN .\bark.OBJ
COMPILER INVOKED BY: e:\Keil\C51\BIN\C51.EXE .\bark.c OPTIMIZE(9,SPEED) REGFILE(.\bark.ORC) DEBUG OBJECTEXTEND

stmt level    source

   1          /*
   2          ; Bark ver.1.29  23.06.2011
   3          ; Processor:	ADuC 824
   4          ; Compiler:		Keil Cx51
   5          ; Programmer:	developed by K.Rogatchev
   6          ;             modified  by A.Vzheshch
   7          ;_________________________________________________________________________________________________*/
   8          #include <ADI\ADUC842.H>
   9          #include <stdio.h>
  10          #include <ctype.h>
  11          #include <absacc.h>
  12          
  13          #include "uart.h"
  14          #include "bark.h"
  15          #include "protocol.h"
  16          #include "focus.h"
  17          
  18          extern unsigned char idata ucAnalogError;
  19          extern unsigned char idata ucInfinity_1_5;
  20          extern unsigned char idata ucInfinity_6;
  21          
  22          short idata shutter[3] = {SHUTTER_DEFAULT,SHUTTER_DEFAULT,SHUTTER_DEFAULT};
  23          short idata gain[3] = {GAIN_DEFAULT,GAIN_DEFAULT,GAIN_DEFAULT};
  24          unsigned char idata frame[3] = {0};
  25          short idata index[3] = {INDEX_DEFAULT,INDEX_DEFAULT,INDEX_DEFAULT};
  26          /*
  27          char bdata status = 0;
  28          sbit bHistRdy = status ^ 0;
  29          sbit bRAMRdy = status ^ 4;
  30          sbit bRS_OK = status ^ 0;
  31          sbit bRS_ERR = status ^ 1;
  32          sbit bRS_RDY = status ^ 7;
  33          */
  34          unsigned short code thermo[10] = {
  35          	TEMP_0,THERMO_0,
  36          	TEMP_1,THERMO_1,
  37          	TEMP_2,THERMO_2,
  38          	TEMP_DSP,THERMO_DSP,
  39          	TEMP_NORD,THERMO_NORD};
  40          
  41          //struct st_thres data thres;
  42          unsigned char data average; // del 06.06.14 
  43          unsigned char data thres_right; // add 06.06.14	 
  44          struct exp code exp_table[] = {
  45          	/* ˆ­¤¥ªá    Š ¤à ‡ â¢®à “á¬«¨â¥«ì 	„¨ ¯ §®­(dB) ˆ§¬¥­¥­¨¥(dB)	*/
  46          	/*   0 */ {    0,    1,  432 }, 	/* 13.266361 	0.000000	*/
  47          	/*   1 */ {    0,    1,  437 }, 	/* 13.500437 	0.234076	*/
  48          	/*   2 */ {    0,    1,  442 }, 	/* 13.738779 	0.238342	*/
  49          	/*   3 */ {    0,    1,  447 }, 	/* 13.981596 	0.242818	*/
  50          	/*   4 */ {    0,    1,  452 }, 	/* 14.229115 	0.247519	*/
  51          	/*   5 */ {    0,    1,  457 }, 	/* 14.481576 	0.252461	*/
  52          	/*   6 */ {    0,    1,  462 }, 	/* 14.739239 	0.257663	*/
  53          	/*   7 */ {    0,    1,  467 }, 	/* 15.002383 	0.263144	*/
  54          	/*   8 */ {    0,    1,  472 }, 	/* 15.271310 	0.268927	*/
  55          	/*   9 */ {    0,    1,  477 }, 	/* 15.546346 	0.275036	*/
C51 COMPILER V6.12  BARK                                                                   07/20/2015 16:37:40 PAGE 2   

  56          	/*  10 */ {    0,    1,  481 }, 	/* 15.771009 	0.224663	*/
  57          	/*  11 */ {    0,    1,  485 }, 	/* 16.000003 	0.228993	*/
  58          	/*  12 */ {    0,    1,  489 }, 	/* 16.233534 	0.233532	*/
  59          	/*  13 */ {    0,    1,  493 }, 	/* 16.471828 	0.238293	*/
  60          	/*  14 */ {    0,    1,  497 }, 	/* 16.715122 	0.243295	*/
  61          	/*  15 */ {    0,    1,  501 }, 	/* 16.963676 	0.248554	*/
  62          	/*  16 */ {    0,    1,  505 }, 	/* 17.217766 	0.254090	*/
  63          	/*  17 */ {    0,    1,  509 }, 	/* 17.477692 	0.259926	*/
  64          	/*  18 */ {    0,    1,  512 }, 	/* 17.724800 	0.247108	*/
  65          	/*  19 */ {    0,    1,  519 }, 	/* 17.972600 	0.247800	*/
  66          	/*  20 */ {    0,    1,  526 }, 	/* 18.220400 	0.247800	*/
  67          	/*  21 */ {    0,    1,  533 }, 	/* 18.468200 	0.247800	*/
  68          	/*  22 */ {    0,    1,  540 }, 	/* 18.716000 	0.247800	*/
  69          	/*  23 */ {    0,    1,  547 }, 	/* 18.963800 	0.247800	*/
  70          	/*  24 */ {    0,    1,  554 }, 	/* 19.211600 	0.247800	*/
  71          	/*  25 */ {    0,    2,  436 }, 	/* 19.473887 	0.262287	*/
  72          	/*  26 */ {    0,    2,  441 }, 	/* 19.711359 	0.237472	*/
  73          	/*  27 */ {    0,    2,  446 }, 	/* 19.953264 	0.241905	*/
  74          	/*  28 */ {    0,    2,  451 }, 	/* 20.199824 	0.246560	*/
  75          	/*  29 */ {    0,    2,  456 }, 	/* 20.451276 	0.251452	*/
  76          	/*  30 */ {    0,    2,  461 }, 	/* 20.707877 	0.256601	*/
  77          	/*  31 */ {    0,    2,  466 }, 	/* 20.969902 	0.262024	*/
  78          	/*  32 */ {    0,    2,  471 }, 	/* 21.237647 	0.267745	*/
  79          	/*  33 */ {    0,    2,  476 }, 	/* 21.511433 	0.273787	*/
  80          	/*  34 */ {    0,    2,  480 }, 	/* 21.735045 	0.223612	*/
  81          	/*  35 */ {    0,    2,  484 }, 	/* 21.962937 	0.227892	*/
  82          	/*  36 */ {    0,    2,  488 }, 	/* 22.195314 	0.232377	*/
  83          	/*  37 */ {    0,    2,  492 }, 	/* 22.432395 	0.237081	*/
  84          	/*  38 */ {    0,    2,  496 }, 	/* 22.674416 	0.242021	*/
  85          	/*  39 */ {    0,    3,  434 }, 	/* 22.901917 	0.227502	*/
  86          	/*  40 */ {    0,    3,  439 }, 	/* 23.137675 	0.235758	*/
  87          	/*  41 */ {    0,    3,  444 }, 	/* 23.377782 	0.240106	*/
  88          	/*  42 */ {    0,    3,  449 }, 	/* 23.622452 	0.244670	*/
  89          	/*  43 */ {    0,    3,  454 }, 	/* 23.871917 	0.249466	*/
  90          	/*  44 */ {    0,    3,  459 }, 	/* 24.126427 	0.254510	*/
  91          	/*  45 */ {    0,    3,  464 }, 	/* 24.386248 	0.259821	*/
  92          	/*  46 */ {    0,    3,  469 }, 	/* 24.651667 	0.265420	*/
  93          	/*  47 */ {    0,    3,  474 }, 	/* 24.922997 	0.271330	*/
  94          	/*  48 */ {    0,    3,  479 }, 	/* 25.200574 	0.277577	*/
  95          	/*  49 */ {    0,    4,  435 }, 	/* 25.447506 	0.246932	*/
  96          	/*  50 */ {    0,    4,  440 }, 	/* 25.684117 	0.236611	*/
  97          	/*  51 */ {    0,    4,  445 }, 	/* 25.925118 	0.241001	*/
  98          	/*  52 */ {    0,    4,  450 }, 	/* 26.170728 	0.245610	*/
  99          	/*  53 */ {    0,    4,  455 }, 	/* 26.421182 	0.250454	*/
 100          	/*  54 */ {    0,    4,  460 }, 	/* 26.676732 	0.255550	*/
 101          	/*  55 */ {    0,    4,  465 }, 	/* 26.937649 	0.260917	*/
 102          	/*  56 */ {    0,    4,  470 }, 	/* 27.204225 	0.266576	*/
 103          	/*  57 */ {    0,    5,  436 }, 	/* 27.432687 	0.228462	*/
 104          	/*  58 */ {    0,    5,  441 }, 	/* 27.670159 	0.237472	*/
 105          	/*  59 */ {    0,    5,  446 }, 	/* 27.912064 	0.241905	*/
 106          	/*  60 */ {    0,    5,  451 }, 	/* 28.158624 	0.246560	*/
 107          	/*  61 */ {    0,    5,  456 }, 	/* 28.410077 	0.251452	*/
 108          	/*  62 */ {    0,    5,  461 }, 	/* 28.666677 	0.256601	*/
 109          	/*  63 */ {    0,    6,  434 }, 	/* 28.922517 	0.255840	*/
 110          	/*  64 */ {    0,    6,  439 }, 	/* 29.158275 	0.235758	*/
 111          	/*  65 */ {    0,    6,  444 }, 	/* 29.398381 	0.240106	*/
 112          	/*  66 */ {    0,    6,  449 }, 	/* 29.643052 	0.244670	*/
 113          	/*  67 */ {    0,    6,  454 }, 	/* 29.892517 	0.249466	*/
 114          	/*  68 */ {    0,    6,  459 }, 	/* 30.147027 	0.254510	*/
 115          	/*  69 */ {    0,    7,  437 }, 	/* 30.402398 	0.255371	*/
 116          	/*  70 */ {    0,    7,  442 }, 	/* 30.640739 	0.238342	*/
 117          	/*  71 */ {    0,    7,  447 }, 	/* 30.883557 	0.242818	*/
C51 COMPILER V6.12  BARK                                                                   07/20/2015 16:37:40 PAGE 3   

 118          	/*  72 */ {    0,    7,  452 }, 	/* 31.131076 	0.247519	*/
 119          	/*  73 */ {    0,    8,  433 }, 	/* 31.374644 	0.243568	*/
 120          	/*  74 */ {    0,    8,  438 }, 	/* 31.609557 	0.234913	*/
 121          	/*  75 */ {    0,    8,  443 }, 	/* 31.848777 	0.239220	*/
 122          	/*  76 */ {    0,    8,  448 }, 	/* 32.092516 	0.243739	*/
 123          	/*  77 */ {    0,    8,  453 }, 	/* 32.341004 	0.248487	*/
 124          	/*  78 */ {    0,    9,  437 }, 	/* 32.585287 	0.244283	*/
 125          	/*  79 */ {    0,    9,  442 }, 	/* 32.823629 	0.238342	*/
 126          	/*  80 */ {    0,    9,  447 }, 	/* 33.066447 	0.242818	*/
 127          	/*  81 */ {    0,   10,  433 }, 	/* 33.312845 	0.246398	*/
 128          	/*  82 */ {    0,   10,  438 }, 	/* 33.547757 	0.234913	*/
 129          	/*  83 */ {    0,   10,  443 }, 	/* 33.786977 	0.239220	*/
 130          	/*  84 */ {    0,   10,  448 }, 	/* 34.030717 	0.243739	*/
 131          	/*  85 */ {    0,   11,  436 }, 	/* 34.281141 	0.250424	*/
 132          	/*  86 */ {    0,   11,  441 }, 	/* 34.518613 	0.237472	*/
 133          	/*  87 */ {    0,   11,  446 }, 	/* 34.760518 	0.241905	*/
 134          	/*  88 */ {    0,   12,  435 }, 	/* 34.989931 	0.229413	*/
 135          	/*  89 */ {    0,   12,  440 }, 	/* 35.226542 	0.236611	*/
 136          	/*  90 */ {    0,   12,  445 }, 	/* 35.467543 	0.241001	*/
 137          	/*  91 */ {    0,   13,  436 }, 	/* 35.732154 	0.264611	*/
 138          	/*  92 */ {    0,   13,  441 }, 	/* 35.969626 	0.237472	*/
 139          	/*  93 */ {    0,   14,  433 }, 	/* 36.235405 	0.265779	*/
 140          	/*  94 */ {    0,   14,  438 }, 	/* 36.470318 	0.234913	*/
 141          	/*  95 */ {    0,   14,  443 }, 	/* 36.709538 	0.239220	*/
 142          	/*  96 */ {    0,   15,  436 }, 	/* 36.975112 	0.265574	*/
 143          	/*  97 */ {    0,   15,  441 }, 	/* 37.212584 	0.237472	*/
 144          	/*  98 */ {    0,   16,  434 }, 	/* 37.441892 	0.229308	*/
 145          	/*  99 */ {    0,   16,  439 }, 	/* 37.677650 	0.235758	*/
 146          	/* 100 */ {    0,   17,  433 }, 	/* 37.921823 	0.244173	*/
 147          	/* 101 */ {    0,   17,  438 }, 	/* 38.156736 	0.234913	*/
 148          	/* 102 */ {    0,   18,  433 }, 	/* 38.418295 	0.261559	*/
 149          	/* 103 */ {    0,   18,  438 }, 	/* 38.653208 	0.234913	*/
 150          	/* 104 */ {    0,   19,  433 }, 	/* 38.887917 	0.234709	*/
 151          	/* 105 */ {    0,   19,  438 }, 	/* 39.122829 	0.234913	*/
 152          	/* 106 */ {    0,   20,  434 }, 	/* 39.380092 	0.257263	*/
 153          	/* 107 */ {    0,   20,  439 }, 	/* 39.615850 	0.235758	*/
 154          	/* 108 */ {    0,   21,  435 }, 	/* 39.850692 	0.234842	*/
 155          	/* 109 */ {    0,   21,  440 }, 	/* 40.087303 	0.236611	*/
 156          	/* 110 */ {    0,   22,  437 }, 	/* 40.348891 	0.261588	*/
 157          	/* 111 */ {    0,   23,  434 }, 	/* 40.594049 	0.245159	*/
 158          	/* 112 */ {    0,   23,  439 }, 	/* 40.829807 	0.235758	*/
 159          	/* 113 */ {    0,   24,  436 }, 	/* 41.057512 	0.227705	*/
 160          	/* 114 */ {    0,   25,  434 }, 	/* 41.318293 	0.260781	*/
 161          	/* 115 */ {    0,   26,  432 }, 	/* 41.565828 	0.247536	*/
 162          	/* 116 */ {    0,   26,  437 }, 	/* 41.799904 	0.234076	*/
 163          	/* 117 */ {    0,   27,  435 }, 	/* 42.033581 	0.233677	*/
 164          	/* 118 */ {    0,   28,  434 }, 	/* 42.302653 	0.269072	*/
 165          	/* 119 */ {    0,   29,  433 }, 	/* 42.560805 	0.258152	*/
 166          	/* 120 */ {    0,   30,  432 }, 	/* 42.808786 	0.247982	*/
 167          	/* 121 */ {    0,   30,  437 }, 	/* 43.042862 	0.234076	*/
 168          	/* 122 */ {    0,   31,  436 }, 	/* 43.280521 	0.237659	*/
 169          	/* 123 */ {    0,   32,  435 }, 	/* 43.509306 	0.228785	*/
 170          	/* 124 */ {    0,   33,  435 }, 	/* 43.776585 	0.267279	*/
 171          	/* 125 */ {    0,   34,  435 }, 	/* 44.035884 	0.259300	*/
 172          	/* 126 */ {    0,   35,  435 }, 	/* 44.287667 	0.251783	*/
 173          	/* 127 */ {    0,   36,  435 }, 	/* 44.532356 	0.244689	*/
 174          	/* 128 */ {    0,   37,  435 }, 	/* 44.770340 	0.237984	*/
 175          	/* 129 */ {    0,   38,  435 }, 	/* 45.001978 	0.231637	*/
 176          	/* 130 */ {    0,   39,  436 }, 	/* 45.274579 	0.272601	*/
 177          	/* 131 */ {    0,   40,  437 }, 	/* 45.541637 	0.267058	*/
 178          	/* 132 */ {    0,   42,  433 }, 	/* 45.777830 	0.236194	*/
 179          	/* 133 */ {    0,   43,  434 }, 	/* 46.028862 	0.251031	*/
C51 COMPILER V6.12  BARK                                                                   07/20/2015 16:37:40 PAGE 4   

 180          	/* 134 */ {    0,   44,  435 }, 	/* 46.275360 	0.246498	*/
 181          	/* 135 */ {    0,   45,  436 }, 	/* 46.517537 	0.242178	*/
 182          	/* 136 */ {    0,   47,  433 }, 	/* 46.754802 	0.237265	*/
 183          	/* 137 */ {    0,   48,  434 }, 	/* 46.984317 	0.229515	*/
 184          	/* 138 */ {    0,   49,  436 }, 	/* 47.257209 	0.272891	*/
 185          	/* 139 */ {    0,   51,  434 }, 	/* 47.510896 	0.253687	*/
 186          	/* 140 */ {    0,   52,  436 }, 	/* 47.773354 	0.262458	*/
 187          	/* 141 */ {    0,   54,  434 }, 	/* 48.007368 	0.234014	*/
 188          	/* 142 */ {    0,   55,  436 }, 	/* 48.260541 	0.253173	*/
 189          	/* 143 */ {    0,   57,  435 }, 	/* 48.523803 	0.263262	*/
 190          	/* 144 */ {    0,   59,  434 }, 	/* 48.776533 	0.252730	*/
 191          	/* 145 */ {    0,   61,  433 }, 	/* 49.019441 	0.242909	*/
 192          	/* 146 */ {    0,   62,  435 }, 	/* 49.254140 	0.234698	*/
 193          	/* 147 */ {    0,   64,  434 }, 	/* 49.483092 	0.228952	*/
 194          	/* 148 */ {    0,   66,  434 }, 	/* 49.750371 	0.267279	*/
 195          	/* 149 */ {    0,   68,  434 }, 	/* 50.009671 	0.259300	*/
 196          	/* 150 */ {    0,   70,  434 }, 	/* 50.261453 	0.251783	*/
 197          	/* 151 */ {    0,   72,  434 }, 	/* 50.506142 	0.244689	*/
 198          	/* 152 */ {    0,   74,  434 }, 	/* 50.744127 	0.237984	*/
 199          	/* 153 */ {    0,   76,  434 }, 	/* 50.975764 	0.231637	*/
 200          	/* 154 */ {    0,   78,  435 }, 	/* 51.248198 	0.272434	*/
 201          	/* 155 */ {    0,   81,  433 }, 	/* 51.482545 	0.234347	*/
 202          	/* 156 */ {    0,   83,  434 }, 	/* 51.741054 	0.258509	*/
 203          	/* 157 */ {    0,   85,  435 }, 	/* 51.994684 	0.253630	*/
 204          	/* 158 */ {    0,   88,  434 }, 	/* 52.249146 	0.254461	*/
 205          	/* 159 */ {    0,   91,  433 }, 	/* 52.493672 	0.244527	*/
 206          	/* 160 */ {    0,   93,  434 }, 	/* 52.729151 	0.235479	*/
 207          	/* 161 */ {    0,   96,  433 }, 	/* 52.958269 	0.229118	*/
 208          	/* 162 */ {    0,   98,  435 }, 	/* 53.230827 	0.272558	*/
 209          	/* 163 */ {    0,  101,  435 }, 	/* 53.492733 	0.261906	*/
 210          	/* 164 */ {    0,  105,  433 }, 	/* 53.736631 	0.243897	*/
 211          	/* 165 */ {    0,  108,  433 }, 	/* 53.981320 	0.244689	*/
 212          	/* 166 */ {    0,  111,  433 }, 	/* 54.219304 	0.237984	*/
 213          	/* 167 */ {    0,  114,  433 }, 	/* 54.450942 	0.231637	*/
 214          	/* 168 */ {    0,  117,  434 }, 	/* 54.723210 	0.272268	*/
 215          	/* 169 */ {    0,  121,  433 }, 	/* 54.968552 	0.245342	*/
 216          	/* 170 */ {    0,  124,  434 }, 	/* 55.227926 	0.259374	*/
 217          	/* 171 */ {    0,  128,  433 }, 	/* 55.457044 	0.229118	*/
 218          	/* 172 */ {    0,  131,  434 }, 	/* 55.704918 	0.247874	*/
 219          	/* 173 */ {    0,  135,  434 }, 	/* 55.966168 	0.261249	*/
 220          	/* 174 */ {    0,  139,  434 }, 	/* 56.219788 	0.253621	*/
 221          	/* 175 */ {    0,  143,  434 }, 	/* 56.466213 	0.246425	*/
 222          	/* 176 */ {    0,  147,  434 }, 	/* 56.705839 	0.239626	*/
 223          	/* 177 */ {    0,  152,  433 }, 	/* 56.949716 	0.243877	*/
 224          	/* 178 */ {    0,  156,  434 }, 	/* 57.221984 	0.272268	*/
 225          	/* 179 */ {    0,  161,  433 }, 	/* 57.449362 	0.227378	*/
 226          	/* 180 */ {    0,  165,  434 }, 	/* 57.709171 	0.259809	*/
 227          	/* 181 */ {    0,  170,  434 }, 	/* 57.968471 	0.259300	*/
 228          	/* 182 */ {    0,  175,  434 }, 	/* 58.220253 	0.251783	*/
 229          	/* 183 */ {    0,  181,  433 }, 	/* 58.466416 	0.246163	*/
 230          	/* 184 */ {    0,  186,  433 }, 	/* 58.703104 	0.236687	*/
 231          	/* 185 */ {    0,  191,  433 }, 	/* 58.933512 	0.230408	*/
 232          	/* 186 */ {    0,  196,  434 }, 	/* 59.204614 	0.271102	*/
 233          	/* 187 */ {    0,  202,  434 }, 	/* 59.466520 	0.261906	*/
 234          	/* 188 */ {    0,  209,  433 }, 	/* 59.715770 	0.249251	*/
 235          	/* 189 */ {    0,  215,  433 }, 	/* 59.961614 	0.245843	*/
 236          	/* 190 */ {    0,  221,  433 }, 	/* 60.200690 	0.239076	*/
 237          	/* 191 */ {    0,  227,  433 }, 	/* 60.433362 	0.232672	*/
 238          	/* 192 */ {    0,  233,  434 }, 	/* 60.706611 	0.273249	*/
 239          	/* 193 */ {    0,  241,  433 }, 	/* 60.953186 	0.246575	*/
 240          	/* 194 */ {    0,  248,  433 }, 	/* 61.201878 	0.248693	*/
 241          	/* 195 */ {    0,  255,  433 }, 	/* 61.443648 	0.241770	*/
C51 COMPILER V6.12  BARK                                                                   07/20/2015 16:37:40 PAGE 5   

 242          	/* 196 */ {    0,  262,  433 }, 	/* 61.678870 	0.235222	*/
 243          	/* 197 */ {    0,  269,  433 }, 	/* 61.907890 	0.229020	*/
 244          	/* 198 */ {    0,  276,  434 }, 	/* 62.177674 	0.269784	*/
 245          	/* 199 */ {    0,  285,  433 }, 	/* 62.409742 	0.232068	*/
 246          	/* 200 */ {    0,  293,  433 }, 	/* 62.650197 	0.240455	*/
 247          	/* 201 */ {    0,  301,  433 }, 	/* 62.884175 	0.233978	*/
 248          	/* 202 */ {    0,  309,  433 }, 	/* 63.112014 	0.227840	*/
 249          	/* 203 */ {    0,  318,  433 }, 	/* 63.361387 	0.249373	*/
 250          	/* 204 */ {    0,  327,  433 }, 	/* 63.603800 	0.242413	*/
 251          	/* 205 */ {    0,  336,  433 }, 	/* 63.839630 	0.235830	*/
 252          	/* 206 */ {    0,  345,  433 }, 	/* 64.069227 	0.229596	*/
 253          	/* 207 */ {    0,  355,  433 }, 	/* 64.317412 	0.248185	*/
 254          	/* 208 */ {    0,  365,  433 }, 	/* 64.558702 	0.241290	*/
 255          	/* 209 */ {    0,  375,  433 }, 	/* 64.793470 	0.234768	*/
 256          	/* 210 */ {    0,  385,  433 }, 	/* 65.022059 	0.228589	*/
 257          	/* 211 */ {    0,  396,  433 }, 	/* 65.266748 	0.244689	*/
 258          	/* 212 */ {    0,  407,  433 }, 	/* 65.504733 	0.237984	*/
 259          	/* 213 */ {    0,  418,  433 }, 	/* 65.736370 	0.231637	*/
 260          	/* 214 */ {    0,  430,  433 }, 	/* 65.982214 	0.245843	*/
 261          	/* 215 */ {    0,  442,  433 }, 	/* 66.221290 	0.239076	*/
 262          	/* 216 */ {    0,  454,  433 }, 	/* 66.453962 	0.232672	*/
 263          	/* 217 */ {    0,  467,  433 }, 	/* 66.699182 	0.245221	*/
 264          	/* 218 */ {    0,  480,  433 }, 	/* 66.937669 	0.238487	*/
 265          	/* 219 */ {    0,  494,  433 }, 	/* 67.187384 	0.249714	*/
 266          	/* 220 */ {    0,  508,  433 }, 	/* 67.430119 	0.242735	*/
 267          	/* 221 */ {    0,  522,  433 }, 	/* 67.666255 	0.236136	*/
 268          	/* 222 */ {    0,  537,  433 }, 	/* 67.912330 	0.246076	*/
 269          	/* 223 */ {    0,  552,  433 }, 	/* 68.151626 	0.239296	*/
 270          	/* 224 */ {    0,  568,  433 }, 	/* 68.399811 	0.248185	*/
 271          	/* 225 */ {    0,  584,  433 }, 	/* 68.641102 	0.241290	*/
 272          	/* 226 */ {    0,  601,  433 }, 	/* 68.890334 	0.249232	*/
 273          	/* 227 */ {    0,  618,  433 }, 	/* 69.132614 	0.242280	*/
 274          	/* 228 */ {    0,  620,  438 }, 	/* 69.395591 	0.262977	*/
 275          	/* 229 */ {    0,  620,  443 }, 	/* 69.634811 	0.239220	*/
 276          	/* 230 */ {    0,  620,  448 }, 	/* 69.878550 	0.243739	*/
 277          	/* 231 */ {    0,  620,  453 }, 	/* 70.127038 	0.248487	*/
 278          	/* 232 */ {    0,  620,  458 }, 	/* 70.380518 	0.253480	*/
 279          	/* 233 */ {    0,  620,  463 }, 	/* 70.639254 	0.258736	*/
 280          	/* 234 */ {    0,  620,  468 }, 	/* 70.903530 	0.264276	*/
 281          	/* 235 */ {    0,  620,  473 }, 	/* 71.173651 	0.270122	*/
 282          	/* 236 */ {    0,  620,  478 }, 	/* 71.449950 	0.276299	*/
 283          	/* 237 */ {    0,  620,  482 }, 	/* 71.675677 	0.225727	*/
 284          	/* 238 */ {    0,  620,  486 }, 	/* 71.905785 	0.230108	*/
 285          	/* 239 */ {    0,  620,  490 }, 	/* 72.140486 	0.234701	*/
 286          	/* 240 */ {    0,  620,  494 }, 	/* 72.380006 	0.239520	*/
 287          	/* 241 */ {    0,  620,  498 }, 	/* 72.624591 	0.244584	*/
 288          	/* 242 */ {    0,  620,  502 }, 	/* 72.874502 	0.249911	*/
 289          	/* 243 */ {    0,  620,  506 }, 	/* 73.130022 	0.255520	*/
 290          	/* 244 */ {    0,  620,  510 }, 	/* 73.391456 	0.261435	*/
 291          	/* 245 */ {    0,  620,  514 }, 	/* 73.643434 	0.251977	*/
 292          	/* 246 */ {    0,  620,  521 }, 	/* 73.891234 	0.247800	*/
 293          	/* 247 */ {    0,  620,  528 }, 	/* 74.139034 	0.247800	*/
 294          	/* 248 */ {    0,  620,  535 }, 	/* 74.386834 	0.247800	*/
 295          	/* 249 */ {    0,  620,  542 }, 	/* 74.634634 	0.247800	*/
 296          	/* 250 */ {    0,  620,  549 }, 	/* 74.882434 	0.247800	*/
 297          	/* 251 */ {    0,  620,  556 }, 	/* 75.130234 	0.247800	*/
 298          	/* 252 */ {    0,  620,  563 }, 	/* 75.378034 	0.247800	*/
 299          	/* 253 */ {    0,  620,  570 }, 	/* 75.625834 	0.247800	*/
 300          	/* 254 */ {    0,  620,  577 }, 	/* 75.873634 	0.247800	*/
 301          	/* 255 */ {    0,  620,  584 }, 	/* 76.121434 	0.247800	*/
 302          	/* 256 */ {    0,  620,  591 }, 	/* 76.369234 	0.247800	*/
 303          	/* 257 */ {    0,  620,  598 }, 	/* 76.617034 	0.247800	*/
C51 COMPILER V6.12  BARK                                                                   07/20/2015 16:37:40 PAGE 6   

 304          	/* 258 */ {    0,  620,  605 }, 	/* 76.864834 	0.247800	*/
 305          	/* 259 */ {    0,  620,  612 }, 	/* 77.112634 	0.247800	*/
 306          	/* 260 */ {    0,  620,  619 }, 	/* 77.360434 	0.247800	*/
 307          	/* 261 */ {    0,  620,  626 }, 	/* 77.608234 	0.247800	*/
 308          	/* 262 */ {    0,  620,  633 }, 	/* 77.856034 	0.247800	*/
 309          	/* 263 */ {    0,  620,  640 }, 	/* 78.103834 	0.247800	*/
 310          	/* 264 */ {    0,  620,  647 }, 	/* 78.351634 	0.247800	*/
 311          	/* 265 */ {    0,  620,  654 }, 	/* 78.599434 	0.247800	*/
 312          	/* 266 */ {    0,  620,  661 }, 	/* 78.847234 	0.247800	*/
 313          	/* 267 */ {    0,  620,  668 }, 	/* 79.095034 	0.247800	*/
 314          	/* 268 */ {    0,  620,  675 }, 	/* 79.342834 	0.247800	*/
 315          	/* 269 */ {    0,  620,  682 }, 	/* 79.590634 	0.247800	*/
 316          	/* 270 */ {    0,  620,  689 }, 	/* 79.838434 	0.247800	*/
 317          	/* 271 */ {    0,  620,  696 }, 	/* 80.086234 	0.247800	*/
 318          	/* 272 */ {    0,  620,  703 }, 	/* 80.334034 	0.247800	*/
 319          	/* 273 */ {    0,  620,  710 }, 	/* 80.581834 	0.247800	*/
 320          	/* 274 */ {    0,  620,  717 }, 	/* 80.829634 	0.247800	*/
 321          	/* 275 */ {    0,  620,  724 }, 	/* 81.077434 	0.247800	*/
 322          	/* 276 */ {    0,  620,  731 }, 	/* 81.325234 	0.247800	*/
 323          	/* 277 */ {    0,  620,  738 }, 	/* 81.573034 	0.247800	*/
 324          	/* 278 */ {    0,  620,  745 }, 	/* 81.820834 	0.247800	*/
 325          	/* 279 */ {    0,  620,  752 }, 	/* 82.068634 	0.247800	*/
 326          	/* 280 */ {    0,  620,  759 }, 	/* 82.316434 	0.247800	*/
 327          	/* 281 */ {    0,  620,  766 }, 	/* 82.564234 	0.247800	*/
 328          	/* 282 */ {    1,  620,  602 }, 	/* 82.814187 	0.249953	*/
 329          	/* 283 */ {    1,  620,  609 }, 	/* 83.061987 	0.247800	*/
 330          	/* 284 */ {    1,  620,  616 }, 	/* 83.309787 	0.247800	*/
 331          	/* 285 */ {    1,  620,  623 }, 	/* 83.557587 	0.247800	*/
 332          	/* 286 */ {    1,  620,  630 }, 	/* 83.805387 	0.247800	*/
 333          	/* 287 */ {    1,  620,  637 }, 	/* 84.053187 	0.247800	*/
 334          	/* 288 */ {    1,  620,  644 }, 	/* 84.300987 	0.247800	*/
 335          	/* 289 */ {    1,  620,  651 }, 	/* 84.548787 	0.247800	*/
 336          	/* 290 */ {    1,  620,  658 }, 	/* 84.796587 	0.247800	*/
 337          	/* 291 */ {    1,  620,  665 }, 	/* 85.044387 	0.247800	*/
 338          	/* 292 */ {    1,  620,  672 }, 	/* 85.292187 	0.247800	*/
 339          	/* 293 */ {    1,  620,  679 }, 	/* 85.539987 	0.247800	*/
 340          	/* 294 */ {    1,  620,  686 }, 	/* 85.787787 	0.247800	*/
 341          	/* 295 */ {    1,  620,  693 }, 	/* 86.035587 	0.247800	*/
 342          	/* 296 */ {    1,  620,  700 }, 	/* 86.283387 	0.247800	*/
 343          	/* 297 */ {    1,  620,  707 }, 	/* 86.531187 	0.247800	*/
 344          	/* 298 */ {    1,  620,  714 }, 	/* 86.778987 	0.247800	*/
 345          	/* 299 */ {    1,  620,  721 }, 	/* 87.026787 	0.247800	*/
 346          	/* 300 */ {    1,  620,  728 }, 	/* 87.274587 	0.247800	*/
 347          	/* 301 */ {    1,  620,  735 }, 	/* 87.522387 	0.247800	*/
 348          	/* 302 */ {    1,  620,  742 }, 	/* 87.770187 	0.247800	*/
 349          	/* 303 */ {    1,  620,  749 }, 	/* 88.017987 	0.247800	*/
 350          	/* 304 */ {    1,  620,  756 }, 	/* 88.265787 	0.247800	*/
 351          	/* 305 */ {    1,  620,  763 }, 	/* 88.513587 	0.247800	*/
 352          	/* 306 */ {    2,  620,  670 }, 	/* 88.754832 	0.241245	*/
 353          	/* 307 */ {    2,  620,  677 }, 	/* 89.002632 	0.247800	*/
 354          	/* 308 */ {    2,  620,  684 }, 	/* 89.250432 	0.247800	*/
 355          	/* 309 */ {    2,  620,  691 }, 	/* 89.498232 	0.247800	*/
 356          	/* 310 */ {    2,  620,  698 }, 	/* 89.746032 	0.247800	*/
 357          	/* 311 */ {    2,  620,  705 }, 	/* 89.993832 	0.247800	*/
 358          	/* 312 */ {    2,  620,  712 }, 	/* 90.241632 	0.247800	*/
 359          	/* 313 */ {    2,  620,  719 }, 	/* 90.489432 	0.247800	*/
 360          	/* 314 */ {    2,  620,  726 }, 	/* 90.737232 	0.247800	*/
 361          	/* 315 */ {    2,  620,  733 }, 	/* 90.985032 	0.247800	*/
 362          	/* 316 */ {    2,  620,  740 }, 	/* 91.232832 	0.247800	*/
 363          	/* 317 */ {    2,  620,  747 }, 	/* 91.480632 	0.247800	*/
 364          	/* 318 */ {    2,  620,  754 }, 	/* 91.728432 	0.247800	*/
 365          	/* 319 */ {    2,  620,  761 }, 	/* 91.976232 	0.247800	*/
C51 COMPILER V6.12  BARK                                                                   07/20/2015 16:37:40 PAGE 7   

 366          	/* 320 */ {    2,  620,  768 }, 	/* 92.224032 	0.247800	*/
 367          	/* 321 */ {    3,  620,  704 }, 	/* 92.463011 	0.238979	*/
 368          	/* 322 */ {    3,  620,  711 }, 	/* 92.710811 	0.247800	*/
 369          	/* 323 */ {    3,  620,  718 }, 	/* 92.958611 	0.247800	*/
 370          	/* 324 */ {    3,  620,  725 }, 	/* 93.206411 	0.247800	*/
 371          	/* 325 */ {    3,  620,  732 }, 	/* 93.454211 	0.247800	*/
 372          	/* 326 */ {    3,  620,  739 }, 	/* 93.702011 	0.247800	*/
 373          	/* 327 */ {    3,  620,  746 }, 	/* 93.949811 	0.247800	*/
 374          	/* 328 */ {    3,  620,  753 }, 	/* 94.197611 	0.247800	*/
 375          	/* 329 */ {    3,  620,  760 }, 	/* 94.445411 	0.247800	*/
 376          	/* 330 */ {    3,  620,  767 }, 	/* 94.693211 	0.247800	*/
 377          	/* 331 */ {    3,  620,  774 }, 	/* 94.941011 	0.247800	*/
 378          	/* 332 */ {    4,  620,  726 }, 	/* 95.183492 	0.242481	*/
 379          	/* 333 */ {    4,  620,  733 }, 	/* 95.431292 	0.247800	*/
 380          	/* 334 */ {    4,  620,  740 }, 	/* 95.679092 	0.247800	*/
 381          	/* 335 */ {    4,  620,  747 }, 	/* 95.926892 	0.247800	*/
 382          	/* 336 */ {    4,  620,  754 }, 	/* 96.174692 	0.247800	*/
 383          	/* 337 */ {    4,  620,  761 }, 	/* 96.422492 	0.247800	*/
 384          	/* 338 */ {    4,  620,  768 }, 	/* 96.670292 	0.247800	*/
 385          	/* 339 */ {    5,  620,  730 }, 	/* 96.911036 	0.240745	*/
 386          	/* 340 */ {    5,  620,  737 }, 	/* 97.158836 	0.247800	*/
 387          	/* 341 */ {    5,  620,  744 }, 	/* 97.406636 	0.247800	*/
 388          	/* 342 */ {    5,  620,  751 }, 	/* 97.654436 	0.247800	*/
 389          	/* 343 */ {    5,  620,  758 }, 	/* 97.902236 	0.247800	*/
 390          	/* 344 */ {    5,  620,  765 }, 	/* 98.150036 	0.247800	*/
 391          	/* 345 */ {    5,  620,  772 }, 	/* 98.397836 	0.247800	*/
 392          	/* 346 */ {    6,  620,  741 }, 	/* 98.641029 	0.243192	*/
 393          	/* 347 */ {    6,  620,  748 }, 	/* 98.888829 	0.247800	*/
 394          	/* 348 */ {    6,  620,  755 }, 	/* 99.136629 	0.247800	*/
 395          	/* 349 */ {    6,  620,  762 }, 	/* 99.384429 	0.247800	*/
 396          	/* 350 */ {    6,  620,  769 }, 	/* 99.632229 	0.247800	*/
 397          	/* 351 */ {    7,  620,  743 }, 	/* 99.872910 	0.240681	*/
 398          	/* 352 */ {    7,  620,  750 }, 	/* 100.120710 	0.247800	*/
 399          	/* 353 */ {    7,  620,  757 }, 	/* 100.368510 	0.247800	*/
 400          	/* 354 */ {    7,  620,  764 }, 	/* 100.616310 	0.247800	*/
 401          	/* 355 */ {    7,  620,  771 }, 	/* 100.864110 	0.247800	*/
 402          	/* 356 */ {    8,  620,  749 }, 	/* 101.109326 	0.245216	*/
 403          	/* 357 */ {    8,  620,  756 }, 	/* 101.357126 	0.247800	*/
 404          	/* 358 */ {    8,  620,  763 }, 	/* 101.604926 	0.247800	*/
 405          	/* 359 */ {    8,  620,  770 }, 	/* 101.852726 	0.247800	*/
 406          	/* 360 */ {    9,  620,  751 }, 	/* 102.096049 	0.243323	*/
 407          	/* 361 */ {    9,  620,  758 }, 	/* 102.343849 	0.247800	*/
 408          	/* 362 */ {    9,  620,  765 }, 	/* 102.591649 	0.247800	*/
 409          	/* 363 */ {    9,  620,  772 }, 	/* 102.839449 	0.247800	*/
 410          	/* 364 */ {   10,  620,  756 }, 	/* 103.101535 	0.262086	*/
 411          	/* 365 */ {   10,  620,  763 }, 	/* 103.349335 	0.247800	*/
 412          	/* 366 */ {   10,  620,  770 }, 	/* 103.597135 	0.247800	*/
 413          	/* 367 */ {   11,  620,  756 }, 	/* 103.857833 	0.260698	*/
 414          	/* 368 */ {   11,  620,  763 }, 	/* 104.105633 	0.247800	*/
 415          	/* 369 */ {   11,  620,  770 }, 	/* 104.353433 	0.247800	*/
 416          	/* 370 */ {   12,  620,  757 }, 	/* 104.588921 	0.235488	*/
 417          	/* 371 */ {   12,  620,  764 }, 	/* 104.836721 	0.247800	*/
 418          	/* 372 */ {   12,  620,  771 }, 	/* 105.084521 	0.247800	*/
 419          	/* 373 */ {   13,  620,  760 }, 	/* 105.339196 	0.254676	*/
 420          	/* 374 */ {   13,  620,  767 }, 	/* 105.586996 	0.247800	*/
 421          	/* 375 */ {   13,  620,  774 }, 	/* 105.834796 	0.247800	*/
 422          	/* 376 */ {   14,  620,  764 }, 	/* 106.080392 	0.245596	*/
 423          	/* 377 */ {   14,  620,  771 }, 	/* 106.328192 	0.247800	*/
 424          	/* 378 */ {   15,  620,  762 }, 	/* 106.570456 	0.242264	*/
 425          	/* 379 */ {   15,  620,  769 }, 	/* 106.818256 	0.247800	*/
 426          	/* 380 */ {   16,  620,  761 }, 	/* 107.061890 	0.243634	*/
 427          	/* 381 */ {   16,  620,  768 }, 	/* 107.309690 	0.247800	*/
C51 COMPILER V6.12  BARK                                                                   07/20/2015 16:37:40 PAGE 8   

 428          	/* 382 */ {   17,  620,  761 }, 	/* 107.558589 	0.248899	*/
 429          	/* 383 */ {   17,  620,  768 }, 	/* 107.806389 	0.247800	*/
 430          	/* 384 */ {   18,  620,  762 }, 	/* 108.063814 	0.257425	*/
 431          	/* 385 */ {   18,  620,  769 }, 	/* 108.311614 	0.247800	*/
 432          	/* 386 */ {   19,  620,  763 }, 	/* 108.544925 	0.233311	*/
 433          	/* 387 */ {   19,  620,  770 }, 	/* 108.792725 	0.247800	*/
 434          	/* 388 */ {   20,  620,  765 }, 	/* 109.039677 	0.246951	*/
 435          	/* 389 */ {   20,  620,  772 }, 	/* 109.287477 	0.247800	*/
 436          	/* 390 */ {   21,  620,  768 }, 	/* 109.550095 	0.262618	*/
 437          	/* 391 */ {   22,  620,  764 }, 	/* 109.794735 	0.244640	*/
 438          	/* 392 */ {   22,  620,  771 }, 	/* 110.042535 	0.247800	*/
 439          	/* 393 */ {   23,  620,  768 }, 	/* 110.306129 	0.263594	*/
 440          	/* 394 */ {   24,  620,  765 }, 	/* 110.554621 	0.248491	*/
 441          	/* 395 */ {   24,  620,  772 }, 	/* 110.802421 	0.247800	*/
 442          	/* 396 */ {   25,  620,  769 }, 	/* 111.036994 	0.234574	*/
 443          	/* 397 */ {   26,  620,  767 }, 	/* 111.294102 	0.257107	*/
 444          	/* 398 */ {   26,  620,  774 }, 	/* 111.541902 	0.247800	*/
 445          	/* 399 */ {   27,  620,  772 }, 	/* 111.787079 	0.245177	*/
 446          	/* 400 */ {   28,  620,  770 }, 	/* 112.021164 	0.234085	*/
 447          	/* 401 */ {   29,  620,  769 }, 	/* 112.280309 	0.259145	*/
 448          	/* 402 */ {   30,  620,  768 }, 	/* 112.529792 	0.249484	*/
 449          	/* 403 */ {   31,  620,  767 }, 	/* 112.770228 	0.240436	*/
 450          	/* 404 */ {   31,  620,  774 }, 	/* 113.018028 	0.247800	*/
 451          	/* 405 */ {   32,  620,  774 }, 	/* 113.285373 	0.267345	*/
 452          	/* 406 */ {   33,  620,  774 }, 	/* 113.544735 	0.259361	*/
 453          	/* 407 */ {   34,  620,  774 }, 	/* 113.796576 	0.251841	*/
 454          	/* 408 */ {   35,  620,  774 }, 	/* 114.041320 	0.244744	*/
 455          	/* 409 */ {   36,  620,  774 }, 	/* 114.279357 	0.238037	*/
 456          	/* 410 */ {   38,  620,  768 }, 	/* 114.524311 	0.244954	*/
 457          	/* 411 */ {   39,  620,  769 }, 	/* 114.779663 	0.255352	*/
 458          	/* 412 */ {   40,  620,  770 }, 	/* 115.029583 	0.249920	*/
 459          	/* 413 */ {   41,  620,  771 }, 	/* 115.274332 	0.244749	*/
 460          	/* 414 */ {   42,  620,  772 }, 	/* 115.514153 	0.239822	*/
 461          	/* 415 */ {   43,  620,  773 }, 	/* 115.749274 	0.235121	*/
 462          	/* 416 */ {   45,  620,  769 }, 	/* 115.993846 	0.244572	*/
 463          	/* 417 */ {   46,  620,  771 }, 	/* 116.251479 	0.257633	*/
 464          	/* 418 */ {   47,  620,  773 }, 	/* 116.505177 	0.253698	*/
 465          	/* 419 */ {   49,  620,  770 }, 	/* 116.753611 	0.248433	*/
 466          	/* 420 */ {   50,  620,  772 }, 	/* 116.996441 	0.242831	*/
 467          	/* 421 */ {   52,  620,  770 }, 	/* 117.259807 	0.263365	*/
 468          	/* 422 */ {   53,  620,  772 }, 	/* 117.492989 	0.233182	*/
 469          	/* 423 */ {   55,  620,  770 }, 	/* 117.738120 	0.245131	*/
 470          	/* 424 */ {   57,  620,  768 }, 	/* 117.972162 	0.234042	*/
 471          	/* 425 */ {   58,  620,  771 }, 	/* 118.226863 	0.254701	*/
 472          	/* 426 */ {   60,  620,  770 }, 	/* 118.481058 	0.254195	*/
 473          	/* 427 */ {   62,  620,  769 }, 	/* 118.725908 	0.244850	*/
 474          	/* 428 */ {   64,  620,  768 }, 	/* 118.961998 	0.236090	*/
 475          	/* 429 */ {   65,  620,  771 }, 	/* 119.200826 	0.238828	*/
 476          	/* 430 */ {   67,  620,  771 }, 	/* 119.460157 	0.259331	*/
 477          	/* 431 */ {   69,  620,  771 }, 	/* 119.711968 	0.251812	*/
 478          	/* 432 */ {   71,  620,  771 }, 	/* 119.956685 	0.244717	*/
 479          	/* 433 */ {   74,  620,  768 }, 	/* 120.205099 	0.248414	*/
 480          	/* 434 */ {   76,  620,  769 }, 	/* 120.469112 	0.264013	*/
 481          	/* 435 */ {   78,  620,  770 }, 	/* 120.727263 	0.258150	*/
 482          	/* 436 */ {   80,  620,  771 }, 	/* 120.979843 	0.252580	*/
 483          	/* 437 */ {   83,  620,  769 }, 	/* 121.224959 	0.245116	*/
 484          	/* 438 */ {   85,  620,  770 }, 	/* 121.464761 	0.239803	*/
 485          	/* 439 */ {   88,  620,  769 }, 	/* 121.727220 	0.262458	*/
 486          	/* 440 */ {   90,  620,  771 }, 	/* 121.991065 	0.263845	*/
 487          	/* 441 */ {   93,  620,  770 }, 	/* 122.237418 	0.246354	*/
 488          	/* 442 */ {   96,  620,  769 }, 	/* 122.474919 	0.237500	*/
 489          	/* 443 */ {   99,  620,  769 }, 	/* 122.739505 	0.264587	*/
C51 COMPILER V6.12  BARK                                                                   07/20/2015 16:37:40 PAGE 9   

 490          	/* 444 */ {  102,  620,  769 }, 	/* 122.996270 	0.256765	*/
 491          	/* 445 */ {  105,  620,  769 }, 	/* 123.245662 	0.249392	*/
 492          	/* 446 */ {  108,  620,  769 }, 	/* 123.488093 	0.242431	*/
 493          	/* 447 */ {  111,  620,  769 }, 	/* 123.723940 	0.235848	*/
 494          	/* 448 */ {  114,  620,  770 }, 	/* 123.988953 	0.265013	*/
 495          	/* 449 */ {  118,  620,  769 }, 	/* 124.250556 	0.261603	*/
 496          	/* 450 */ {  121,  620,  770 }, 	/* 124.502227 	0.251672	*/
 497          	/* 451 */ {  125,  620,  769 }, 	/* 124.747060 	0.244832	*/
 498          	/* 452 */ {  129,  620,  768 }, 	/* 124.983133 	0.236073	*/
 499          	/* 453 */ {  132,  620,  769 }, 	/* 125.216711 	0.233578	*/
 500          	/* 454 */ {  136,  620,  769 }, 	/* 125.474104 	0.257394	*/
 501          	/* 455 */ {  140,  620,  769 }, 	/* 125.724090 	0.249985	*/
 502          	/* 456 */ {  144,  620,  769 }, 	/* 125.967081 	0.242991	*/
 503          	/* 457 */ {  148,  620,  769 }, 	/* 126.203459 	0.236378	*/
 504          	/* 458 */ {  152,  620,  770 }, 	/* 126.468975 	0.265515	*/
 505          	/* 459 */ {  157,  620,  769 }, 	/* 126.712902 	0.243927	*/
 506          	/* 460 */ {  162,  620,  768 }, 	/* 126.948126 	0.235224	*/
 507          	/* 461 */ {  166,  620,  769 }, 	/* 127.194114 	0.245988	*/
 508          	/* 462 */ {  171,  620,  769 }, 	/* 127.450365 	0.256252	*/
 509          	/* 463 */ {  176,  620,  769 }, 	/* 127.699273 	0.248908	*/
 510          	/* 464 */ {  181,  620,  769 }, 	/* 127.941246 	0.241973	*/
 511          	/* 465 */ {  187,  620,  768 }, 	/* 128.187588 	0.246341	*/
 512          	/* 466 */ {  192,  620,  769 }, 	/* 128.450986 	0.263399	*/
 513          	/* 467 */ {  198,  620,  769 }, 	/* 128.716913 	0.265926	*/
 514          	/* 468 */ {  204,  620,  769 }, 	/* 128.974939 	0.258026	*/
 515          	/* 469 */ {  210,  620,  769 }, 	/* 129.225520 	0.250582	*/
 516          	/* 470 */ {  217,  620,  768 }, 	/* 129.473611 	0.248091	*/
 517          	/* 471 */ {  223,  620,  768 }, 	/* 129.709450 	0.235839	*/
 518          	/* 472 */ {  229,  620,  769 }, 	/* 129.974455 	0.265004	*/
 519          	/* 473 */ {  236,  620,  769 }, 	/* 130.234874 	0.260419	*/
 520          	/* 474 */ {  243,  620,  769 }, 	/* 130.487712 	0.252838	*/
 521          	/* 475 */ {  250,  620,  769 }, 	/* 130.733398 	0.245686	*/
 522          	/* 476 */ {  250,  620,  776 }, 	/* 130.981198 	0.247800	*/
 523          	/* 477 */ {  250,  620,  783 }, 	/* 131.228998 	0.247800	*/
 524          	/* 478 */ {  250,  620,  790 }, 	/* 131.476798 	0.247800	*/
 525          	/* 479 */ {  250,  620,  797 }, 	/* 131.724598 	0.247800	*/
 526          	/* 480 */ {  250,  620,  804 }, 	/* 131.972398 	0.247800	*/
 527          	/* 481 */ {  250,  620,  811 }, 	/* 132.220198 	0.247800	*/
 528          	/* 482 */ {  250,  620,  818 }, 	/* 132.467998 	0.247800	*/
 529          	/* 483 */ {  250,  620,  825 }, 	/* 132.715798 	0.247800	*/
 530          	/* 484 */ {  250,  620,  832 }, 	/* 132.963598 	0.247800	*/
 531          	/* 485 */ {  250,  620,  839 }, 	/* 133.211398 	0.247800	*/
 532          	/* 486 */ {  250,  620,  846 }, 	/* 133.459198 	0.247800	*/
 533          	/* 487 */ {  250,  620,  853 }, 	/* 133.706998 	0.247800	*/
 534          	/* 488 */ {  250,  620,  860 }, 	/* 133.954798 	0.247800	*/
 535          	/* 489 */ {  250,  620,  867 }, 	/* 134.202598 	0.247800	*/
 536          	/* 490 */ {  250,  620,  874 }, 	/* 134.450398 	0.247800	*/
 537          	/* 491 */ {  250,  620,  881 }, 	/* 134.698198 	0.247800	*/
 538          	/* 492 */ {  250,  620,  888 }, 	/* 134.945998 	0.247800	*/
 539          	/* 493 */ {  250,  620,  895 }, 	/* 135.193798 	0.247800	*/
 540          	/* 494 */ {  250,  620,  902 }, 	/* 135.441598 	0.247800	*/
 541          	/* 495 */ {  250,  620,  909 }, 	/* 135.689398 	0.247800	*/
 542          	/* 496 */ {  250,  620,  916 }, 	/* 135.937198 	0.247800	*/
 543          	/* 497 */ {  250,  620,  923 }, 	/* 136.184998 	0.247800	*/
 544          	/* 498 */ {  250,  620,  930 }, 	/* 136.432798 	0.247800	*/
 545          	/* 499 */ {  250,  620,  937 }, 	/* 136.680598 	0.247800	*/
 546          	/* 500 */ {  250,  620,  944 }, 	/* 136.928398 	0.247800	*/
 547          	/* 501 */ {  250,  620,  951 }, 	/* 137.176198 	0.247800	*/
 548          	/* 502 */ {  250,  620,  958 }, 	/* 137.423998 	0.247800	*/
 549          	/* 503 */ {  250,  620,  965 }, 	/* 137.671798 	0.247800	*/
 550          	/* 504 */ {  250,  620,  972 }, 	/* 137.919598 	0.247800	*/
 551          	/* 505 */ {  250,  620,  979 }, 	/* 138.167398 	0.247800	*/
C51 COMPILER V6.12  BARK                                                                   07/20/2015 16:37:40 PAGE 10  

 552          	/* 506 */ {  250,  620,  986 }, 	/* 138.415198 	0.247800	*/
 553          	/* 507 */ {  250,  620,  993 }, 	/* 138.662998 	0.247800	*/
 554          	/* 508 */ {  250,  620, 1000 }, 	/* 138.910798 	0.247800	*/
 555          	/* 509 */ {  250,  620, 1007 }, 	/* 139.158598 	0.247800	*/
 556          	/* 510 */ {  250,  620, 1014 }, 	/* 139.406398 	0.247800	*/
 557          	/* 511 */ {  250,  620, 1021 }, 	/* 139.654198 	0.247800	*/
 558          	};
 559          signed char code change_table[256] = {		 //àää 06.06.14
 560          	/* Èíäåêñ Çíà÷åíèå Îòêëîíåíèå	dB	*/
 561          	/*   0 */ 0x5F    /* 23.75	47.60 	*/,
 562          	/*   1 */ 0x5F    /* 23.75	47.60 	*/,
 563          	/*   2 */ 0x53    /* 20.75	41.58 	*/,
 564          	/*   3 */ 0x4C    /* 19.00	38.06 	*/,
 565          	/*   4 */ 0x47    /* 17.75	35.56 	*/,
 566          	/*   5 */ 0x43    /* 16.75	33.62 	*/,
 567          	/*   6 */ 0x40    /* 16.00	32.04 	*/,
 568          	/*   7 */ 0x3D    /* 15.25	30.70 	*/,
 569          	/*   8 */ 0x3B    /* 14.75	29.54 	*/,
 570          	/*   9 */ 0x39    /* 14.25	28.52 	*/,
 571          	/*  10 */ 0x37    /* 13.75	27.60 	*/,
 572          	/*  11 */ 0x35    /* 13.25	26.78 	*/,
 573          	/*  12 */ 0x34    /* 13.00	26.02 	*/,
 574          	/*  13 */ 0x32    /* 12.50	25.33 	*/,
 575          	/*  14 */ 0x31    /* 12.25	24.68 	*/,
 576          	/*  15 */ 0x30    /* 12.00	24.08 	*/,
 577          	/*  16 */ 0x2F    /* 11.75	23.52 	*/,
 578          	/*  17 */ 0x2E    /* 11.50	23.00 	*/,
 579          	/*  18 */ 0x2D    /* 11.25	22.50 	*/,
 580          	/*  19 */ 0x2C    /* 11.00	22.03 	*/,
 581          	/*  20 */ 0x2B    /* 10.75	21.58 	*/,
 582          	/*  21 */ 0x2A    /* 10.50	21.16 	*/,
 583          	/*  22 */ 0x29    /* 10.25	20.76 	*/,
 584          	/*  23 */ 0x28    /* 10.00	20.37 	*/,
 585          	/*  24 */ 0x28    /* 10.00	20.00 	*/,
 586          	/*  25 */ 0x27    /* 9.75	19.65 	*/,
 587          	/*  26 */ 0x26    /* 9.50	19.30 	*/,
 588          	/*  27 */ 0x26    /* 9.50	18.98 	*/,
 589          	/*  28 */ 0x25    /* 9.25	18.66 	*/,
 590          	/*  29 */ 0x24    /* 9.00	18.36 	*/,
 591          	/*  30 */ 0x24    /* 9.00	18.06 	*/,
 592          	/*  31 */ 0x23    /* 8.75	17.78 	*/,
 593          	/*  32 */ 0x23    /* 8.75	17.50 	*/,
 594          	/*  33 */ 0x22    /* 8.50	17.23 	*/,
 595          	/*  34 */ 0x22    /* 8.50	16.97 	*/,
 596          	/*  35 */ 0x21    /* 8.25	16.72 	*/,
 597          	/*  36 */ 0x21    /* 8.25	16.48 	*/,
 598          	/*  37 */ 0x20    /* 8.00	16.24 	*/,
 599          	/*  38 */ 0x20    /* 8.00	16.01 	*/,
 600          	/*  39 */ 0x1F    /* 7.75	15.78 	*/,
 601          	/*  40 */ 0x1F    /* 7.75	15.56 	*/,
 602          	/*  41 */ 0x1E    /* 7.50	15.35 	*/,
 603          	/*  42 */ 0x1E    /* 7.50	15.14 	*/,
 604          	/*  43 */ 0x1E    /* 7.50	14.93 	*/,
 605          	/*  44 */ 0x1D    /* 7.25	14.74 	*/,
 606          	/*  45 */ 0x1D    /* 7.25	14.54 	*/,
 607          	/*  46 */ 0x1C    /* 7.00	14.35 	*/,
 608          	/*  47 */ 0x1C    /* 7.00	14.16 	*/,
 609          	/*  48 */ 0x1C    /* 7.00	13.98 	*/,
 610          	/*  49 */ 0x1B    /* 6.75	13.80 	*/,
 611          	/*  50 */ 0x1B    /* 6.75	13.62 	*/,
 612          	/*  51 */ 0x1B    /* 6.75	13.45 	*/,
 613          	/*  52 */ 0x1A    /* 6.50	13.28 	*/,
C51 COMPILER V6.12  BARK                                                                   07/20/2015 16:37:40 PAGE 11  

 614          	/*  53 */ 0x1A    /* 6.50	13.12 	*/,
 615          	/*  54 */ 0x1A    /* 6.50	12.96 	*/,
 616          	/*  55 */ 0x19    /* 6.25	12.80 	*/,
 617          	/*  56 */ 0x19    /* 6.25	12.64 	*/,
 618          	/*  57 */ 0x19    /* 6.25	12.49 	*/,
 619          	/*  58 */ 0x18    /* 6.00	12.34 	*/,
 620          	/*  59 */ 0x18    /* 6.00	12.19 	*/,
 621          	/*  60 */ 0x18    /* 6.00	12.04 	*/,
 622          	/*  61 */ 0x18    /* 6.00	11.90 	*/,
 623          	/*  62 */ 0x17    /* 5.75	11.76 	*/,
 624          	/*  63 */ 0x17    /* 5.75	11.62 	*/,
 625          	/*  64 */ 0x17    /* 5.75	11.48 	*/,
 626          	/*  65 */ 0x16    /* 5.50	11.35 	*/,
 627          	/*  66 */ 0x16    /* 5.50	11.21 	*/,
 628          	/*  67 */ 0x16    /* 5.50	11.08 	*/,
 629          	/*  68 */ 0x16    /* 5.50	10.95 	*/,
 630          	/*  69 */ 0x15    /* 5.25	10.83 	*/,
 631          	/*  70 */ 0x15    /* 5.25	10.70 	*/,
 632          	/*  71 */ 0x15    /* 5.25	10.58 	*/,
 633          	/*  72 */ 0x15    /* 5.25	10.46 	*/,
 634          	/*  73 */ 0x14    /* 5.00	10.34 	*/,
 635          	/*  74 */ 0x14    /* 5.00	10.22 	*/,
 636          	/*  75 */ 0x14    /* 5.00	10.10 	*/,
 637          	/*  76 */ 0x14    /* 5.00	9.99 	*/,
 638          	/*  77 */ 0x13    /* 4.75	9.87 	*/,
 639          	/*  78 */ 0x13    /* 4.75	9.76 	*/,
 640          	/*  79 */ 0x13    /* 4.75	9.65 	*/,
 641          	/*  80 */ 0x13    /* 4.75	9.54 	*/,
 642          	/*  81 */ 0x13    /* 4.75	9.43 	*/,
 643          	/*  82 */ 0x12    /* 4.50	9.33 	*/,
 644          	/*  83 */ 0x12    /* 4.50	9.22 	*/,
 645          	/*  84 */ 0x12    /* 4.50	9.12 	*/,
 646          	/*  85 */ 0x12    /* 4.50	9.02 	*/,
 647          	/*  86 */ 0x12    /* 4.50	8.91 	*/,
 648          	/*  87 */ 0x11    /* 4.25	8.81 	*/,
 649          	/*  88 */ 0x11    /* 4.25	8.71 	*/,
 650          	/*  89 */ 0x11    /* 4.25	8.62 	*/,
 651          	/*  90 */ 0x11    /* 4.25	8.52 	*/,
 652          	/*  91 */ 0x11    /* 4.25	8.42 	*/,
 653          	/*  92 */ 0x10    /* 4.00	8.33 	*/,
 654          	/*  93 */ 0x10    /* 4.00	8.23 	*/,
 655          	/*  94 */ 0x10    /* 4.00	8.14 	*/,
 656          	/*  95 */ 0x10    /* 4.00	8.05 	*/,
 657          	/*  96 */ 0x10    /* 4.00	7.96 	*/,
 658          	/*  97 */ 0x0F    /* 3.75	7.87 	*/,
 659          	/*  98 */ 0x0F    /* 3.75	7.78 	*/,
 660          	/*  99 */ 0x0F    /* 3.75	7.69 	*/,
 661          	/* 100 */ 0x0F    /* 3.75	7.60 	*/,
 662          	/* 101 */ 0x0F    /* 3.75	7.52 	*/,
 663          	/* 102 */ 0x0F    /* 3.75	7.43 	*/,
 664          	/* 103 */ 0x0E    /* 3.50	7.35 	*/,
 665          	/* 104 */ 0x0E    /* 3.50	7.26 	*/,
 666          	/* 105 */ 0x0E    /* 3.50	7.18 	*/,
 667          	/* 106 */ 0x0E    /* 3.50	7.10 	*/,
 668          	/* 107 */ 0x0E    /* 3.50	7.02 	*/,
 669          	/* 108 */ 0x0E    /* 3.50	6.94 	*/,
 670          	/* 109 */ 0x0D    /* 3.25	6.86 	*/,
 671          	/* 110 */ 0x0D    /* 3.25	6.78 	*/,
 672          	/* 111 */ 0x0D    /* 3.25	6.70 	*/,
 673          	/* 112 */ 0x0D    /* 3.25	6.62 	*/,
 674          	/* 113 */ 0x0D    /* 3.25	6.54 	*/,
 675          	/* 114 */ 0x0D    /* 3.25	6.47 	*/,
C51 COMPILER V6.12  BARK                                                                   07/20/2015 16:37:40 PAGE 12  

 676          	/* 115 */ 0x0D    /* 3.25	6.39 	*/,
 677          	/* 116 */ 0x0C    /* 3.00	6.32 	*/,
 678          	/* 117 */ 0x0C    /* 3.00	6.24 	*/,
 679          	/* 118 */ 0x0C    /* 3.00	6.17 	*/,
 680          	/* 119 */ 0x0C    /* 3.00	6.09 	*/,
 681          	/* 120 */ 0x0C    /* 3.00	6.02 	*/,
 682          	/* 121 */ 0x0C    /* 3.00	5.95 	*/,
 683          	/* 122 */ 0x0C    /* 3.00	5.88 	*/,
 684          	/* 123 */ 0x0B    /* 2.75	5.81 	*/,
 685          	/* 124 */ 0x0B    /* 2.75	5.74 	*/,
 686          	/* 125 */ 0x0B    /* 2.75	5.67 	*/,
 687          	/* 126 */ 0x0B    /* 2.75	5.60 	*/,
 688          	/* 127 */ 0x0B    /* 2.75	5.53 	*/,
 689          	/* 128 */ 0x0B    /* 2.75	5.46 	*/,
 690          	/* 129 */ 0x0B    /* 2.75	5.39 	*/,
 691          	/* 130 */ 0x0A    /* 2.50	5.33 	*/,
 692          	/* 131 */ 0x0A    /* 2.50	5.26 	*/,
 693          	/* 132 */ 0x0A    /* 2.50	5.19 	*/,
 694          	/* 133 */ 0x0A    /* 2.50	5.13 	*/,
 695          	/* 134 */ 0x0A    /* 2.50	5.06 	*/,
 696          	/* 135 */ 0x0A    /* 2.50	5.00 	*/,
 697          	/* 136 */ 0x0A    /* 2.50	4.93 	*/,
 698          	/* 137 */ 0x09    /* 2.25	4.87 	*/,
 699          	/* 138 */ 0x09    /* 2.25	4.81 	*/,
 700          	/* 139 */ 0x09    /* 2.25	4.74 	*/,
 701          	/* 140 */ 0x09    /* 2.25	4.68 	*/,
 702          	/* 141 */ 0x09    /* 2.25	4.62 	*/,
 703          	/* 142 */ 0x09    /* 2.25	4.56 	*/,
 704          	/* 143 */ 0x09    /* 2.25	4.50 	*/,
 705          	/* 144 */ 0x09    /* 2.25	4.44 	*/,
 706          	/* 145 */ 0x09    /* 2.25	4.38 	*/,
 707          	/* 146 */ 0x08    /* 2.00	4.32 	*/,
 708          	/* 147 */ 0x08    /* 2.00	4.26 	*/,
 709          	/* 148 */ 0x08    /* 2.00	4.20 	*/,
 710          	/* 149 */ 0x08    /* 2.00	4.14 	*/,
 711          	/* 150 */ 0x08    /* 2.00	4.08 	*/,
 712          	/* 151 */ 0x08    /* 2.00	4.02 	*/,
 713          	/* 152 */ 0x08    /* 2.00	3.97 	*/,
 714          	/* 153 */ 0x08    /* 2.00	3.91 	*/,
 715          	/* 154 */ 0x07    /* 1.75	3.85 	*/,
 716          	/* 155 */ 0x07    /* 1.75	3.80 	*/,
 717          	/* 156 */ 0x07    /* 1.75	3.74 	*/,
 718          	/* 157 */ 0x07    /* 1.75	3.69 	*/,
 719          	/* 158 */ 0x07    /* 1.75	3.63 	*/,
 720          	/* 159 */ 0x07    /* 1.75	3.58 	*/,
 721          	/* 160 */ 0x07    /* 1.75	3.52 	*/,
 722          	/* 161 */ 0x07    /* 1.75	3.47 	*/,
 723          	/* 162 */ 0x07    /* 1.75	3.41 	*/,
 724          	/* 163 */ 0x06    /* 1.50	3.36 	*/,
 725          	/* 164 */ 0x06    /* 1.50	3.31 	*/,
 726          	/* 165 */ 0x06    /* 1.50	3.25 	*/,
 727          	/* 166 */ 0x06    /* 1.50	3.20 	*/,
 728          	/* 167 */ 0x06    /* 1.50	3.15 	*/,
 729          	/* 168 */ 0x06    /* 1.50	3.10 	*/,
 730          	/* 169 */ 0x06    /* 1.50	3.05 	*/,
 731          	/* 170 */ 0x06    /* 1.50	3.00 	*/,
 732          	/* 171 */ 0x06    /* 1.50	2.94 	*/,
 733          	/* 172 */ 0x06    /* 1.50	2.89 	*/,
 734          	/* 173 */ 0x05    /* 1.25	2.84 	*/,
 735          	/* 174 */ 0x05    /* 1.25	2.79 	*/,
 736          	/* 175 */ 0x05    /* 1.25	2.74 	*/,
 737          	/* 176 */ 0x05    /* 1.25	2.69 	*/,
C51 COMPILER V6.12  BARK                                                                   07/20/2015 16:37:40 PAGE 13  

 738          	/* 177 */ 0x05    /* 1.25	2.64 	*/,
 739          	/* 178 */ 0x05    /* 1.25	2.60 	*/,
 740          	/* 179 */ 0x05    /* 1.25	2.55 	*/,
 741          	/* 180 */ 0x05    /* 1.25	2.50 	*/,
 742          	/* 181 */ 0x05    /* 1.25	2.45 	*/,
 743          	/* 182 */ 0x05    /* 1.25	2.40 	*/,
 744          	/* 183 */ 0x04    /* 1.00	2.36 	*/,
 745          	/* 184 */ 0x04    /* 1.00	2.31 	*/,
 746          	/* 185 */ 0x04    /* 1.00	2.26 	*/,
 747          	/* 186 */ 0x04    /* 1.00	2.21 	*/,
 748          	/* 187 */ 0x04    /* 1.00	2.17 	*/,
 749          	/* 188 */ 0x04    /* 1.00	2.12 	*/,
 750          	/* 189 */ 0x04    /* 1.00	2.07 	*/,
 751          	/* 190 */ 0x04    /* 1.00	2.03 	*/,
 752          	/* 191 */ 0x04    /* 1.00	1.98 	*/,
 753          	/* 192 */ 0x04    /* 1.00	1.94 	*/,
 754          	/* 193 */ 0x04    /* 1.00	1.89 	*/,
 755          	/* 194 */ 0x03    /* 0.75	1.85 	*/,
 756          	/* 195 */ 0x03    /* 0.75	1.80 	*/,
 757          	/* 196 */ 0x03    /* 0.75	1.76 	*/,
 758          	/* 197 */ 0x03    /* 0.75	1.71 	*/,
 759          	/* 198 */ 0x03    /* 0.75	1.67 	*/,
 760          	/* 199 */ 0x03    /* 0.75	1.63 	*/,
 761          	/* 200 */ 0x03    /* 0.75	1.58 	*/,
 762          	/* 201 */ 0x03    /* 0.75	1.54 	*/,
 763          	/* 202 */ 0x03    /* 0.75	1.50 	*/,
 764          	/* 203 */ 0x03    /* 0.75	1.45 	*/,
 765          	/* 204 */ 0x03    /* 0.75	1.41 	*/,
 766          	/* 205 */ 0x02    /* 0.50	1.37 	*/,
 767          	/* 206 */ 0x02    /* 0.50	1.33 	*/,
 768          	/* 207 */ 0x02    /* 0.50	1.28 	*/,
 769          	/* 208 */ 0x02    /* 0.50	1.24 	*/,
 770          	/* 209 */ 0x02    /* 0.50	1.20 	*/,
 771          	/* 210 */ 0x02    /* 0.50	1.16 	*/,
 772          	/* 211 */ 0x02    /* 0.50	1.12 	*/,
 773          	/* 212 */ 0x02    /* 0.50	1.08 	*/,
 774          	/* 213 */ 0x02    /* 0.50	1.04 	*/,
 775          	/* 214 */ 0x02    /* 0.50	1.00 	*/,
 776          	/* 215 */ 0x02    /* 0.50	0.96 	*/,
 777          	/* 216 */ 0x02    /* 0.50	0.92 	*/,
 778          	/* 217 */ 0x02    /* 0.50	0.88 	*/,
 779          	/* 218 */ 0x01    /* 0.25	0.84 	*/,
 780          	/* 219 */ 0x01    /* 0.25	0.80 	*/,
 781          	/* 220 */ 0x01    /* 0.25	0.76 	*/,
 782          	/* 221 */ 0x01    /* 0.25	0.72 	*/,
 783          	/* 222 */ 0x01    /* 0.25	0.68 	*/,
 784          	/* 223 */ 0x01    /* 0.25	0.64 	*/,
 785          	/* 224 */ 0x01    /* 0.25	0.60 	*/,
 786          	/* 225 */ 0x01    /* 0.25	0.56 	*/,
 787          	/* 226 */ 0x01    /* 0.25	0.52 	*/,
 788          	/* 227 */ 0x01    /* 0.25	0.48 	*/,
 789          	/* 228 */ 0x01    /* 0.25	0.45 	*/,
 790          	/* 229 */ 0x01    /* 0.25	0.41 	*/,
 791          	/* 230 */ 0x00    /* 0.00	0.37 	*/,
 792          	/* 231 */ 0x00    /* 0.00	0.33 	*/,
 793          	/* 232 */ 0x00    /* 0.00	0.29 	*/,
 794          	/* 233 */ 0x00    /* 0.00	0.26 	*/,
 795          	/* 234 */ 0x00    /* 0.00	0.22 	*/,
 796          	/* 235 */ 0x00    /* 0.00	0.18 	*/,
 797          	/* 236 */ 0x00    /* 0.00	0.15 	*/,
 798          	/* 237 */ 0x00    /* 0.00	0.11 	*/,
 799          	/* 238 */ 0x00    /* 0.00	0.07 	*/,
C51 COMPILER V6.12  BARK                                                                   07/20/2015 16:37:40 PAGE 14  

 800          	/* 239 */ 0xff    /* 0.00	0.04 	*/,
 801          	/* 240 */ 0xff    /* 0.00	0.00 	*/,
 802          	/* 241 */ 0xff    /* 0.00	-0.04 	*/,
 803          	/* 242 */ 0xff    /* 0.00	-0.07 	*/,
 804          	/* 243 */ 0xff    /* 0.00	-0.11 	*/,
 805          	/* 244 */ 0xff    /* 0.00	-0.14 	*/,
 806          	/* 245 */ 0xff    /* 0.00	-0.18 	*/,
 807          	/* 246 */ 0xff    /* 0.00	-0.21 	*/,
 808          	/* 247 */ 0xFF    /* -0.25	-0.25 	*/,
 809          	/* 248 */ 0xFF    /* -0.25	-0.28 	*/,
 810          	/* 249 */ 0xFF    /* -0.25	-0.32 	*/,
 811          	/* 250 */ 0xFF    /* -0.25	-0.35 	*/,
 812          	/* 251 */ 0xFE    /* -0.50	-0.39 	*/,
 813          	/* 252 */ 0xFE    /* -0.50	-0.42 	*/,
 814          	/* 253 */ 0xFE    /* -0.50	-0.46 	*/,
 815          	/* 254 */ 0xFE    /* -0.50	-0.49 	*/,
 816          	/* 255 */ 0xFE    /* -0.50	-0.53 	*/
 817          	};
 818          
 819          signed char code change_table_av[256] = {
 820          	/* Èíäåêñ Çíà÷åíèå Îòêëîíåíèå	dB	*/
 821          	/*    0 */ 127 /* 31.75	42.14 	*/,
 822          	/*    1 */ 127 /* 31.75	42.14 	*/,
 823          	/*    2 */ 127 /* 31.75	36.12 	*/,
 824          	/*    3 */ 127 /* 31.75	32.60 	*/,
 825          	/*    4 */ 120 /* 30.00	30.10 	*/,
 826          	/*    5 */ 113 /* 28.25	28.16 	*/,
 827          	/*    6 */ 106 /* 26.50	26.58 	*/,
 828          	/*    7 */ 101 /* 25.25	25.24 	*/,
 829          	/*    8 */ 96 /* 24.00	24.08 	*/,
 830          	/*    9 */ 92 /* 23.00	23.06 	*/,
 831          	/*   10 */ 89 /* 22.25	22.14 	*/,
 832          	/*   11 */ 85 /* 21.25	21.32 	*/,
 833          	/*   12 */ 82 /* 20.50	20.56 	*/,
 834          	/*   13 */ 79 /* 19.75	19.87 	*/,
 835          	/*   14 */ 77 /* 19.25	19.22 	*/,
 836          	/*   15 */ 74 /* 18.50	18.62 	*/,
 837          	/*   16 */ 72 /* 18.00	18.06 	*/,
 838          	/*   17 */ 70 /* 17.50	17.54 	*/,
 839          	/*   18 */ 68 /* 17.00	17.04 	*/,
 840          	/*   19 */ 66 /* 16.50	16.57 	*/,
 841          	/*   20 */ 64 /* 16.00	16.12 	*/,
 842          	/*   21 */ 63 /* 15.75	15.70 	*/,
 843          	/*   22 */ 61 /* 15.25	15.30 	*/,
 844          	/*   23 */ 60 /* 15.00	14.91 	*/,
 845          	/*   24 */ 58 /* 14.50	14.54 	*/,
 846          	/*   25 */ 57 /* 14.25	14.19 	*/,
 847          	/*   26 */ 55 /* 13.75	13.84 	*/,
 848          	/*   27 */ 54 /* 13.50	13.52 	*/,
 849          	/*   28 */ 53 /* 13.25	13.20 	*/,
 850          	/*   29 */ 52 /* 13.00	12.90 	*/,
 851          	/*   30 */ 50 /* 12.50	12.60 	*/,
 852          	/*   31 */ 49 /* 12.25	12.32 	*/,
 853          	/*   32 */ 48 /* 12.00	12.04 	*/,
 854          	/*   33 */ 47 /* 11.75	11.77 	*/,
 855          	/*   34 */ 46 /* 11.50	11.51 	*/,
 856          	/*   35 */ 45 /* 11.25	11.26 	*/,
 857          	/*   36 */ 44 /* 11.00	11.02 	*/,
 858          	/*   37 */ 43 /* 10.75	10.78 	*/,
 859          	/*   38 */ 42 /* 10.50	10.55 	*/,
 860          	/*   39 */ 41 /* 10.25	10.32 	*/,
 861          	/*   40 */ 40 /* 10.00	10.10 	*/,
C51 COMPILER V6.12  BARK                                                                   07/20/2015 16:37:40 PAGE 15  

 862          	/*   41 */ 40 /* 10.00	9.89 	*/,
 863          	/*   42 */ 39 /* 9.75	9.68 	*/,
 864          	/*   43 */ 38 /* 9.50	9.47 	*/,
 865          	/*   44 */ 37 /* 9.25	9.28 	*/,
 866          	/*   45 */ 36 /* 9.00	9.08 	*/,
 867          	/*   46 */ 36 /* 9.00	8.89 	*/,
 868          	/*   47 */ 35 /* 8.75	8.70 	*/,
 869          	/*   48 */ 34 /* 8.50	8.52 	*/,
 870          	/*   49 */ 33 /* 8.25	8.34 	*/,
 871          	/*   50 */ 33 /* 8.25	8.16 	*/,
 872          	/*   51 */ 32 /* 8.00	7.99 	*/,
 873          	/*   52 */ 31 /* 7.75	7.82 	*/,
 874          	/*   53 */ 31 /* 7.75	7.66 	*/,
 875          	/*   54 */ 30 /* 7.50	7.50 	*/,
 876          	/*   55 */ 29 /* 7.25	7.34 	*/,
 877          	/*   56 */ 29 /* 7.25	7.18 	*/,
 878          	/*   57 */ 28 /* 7.00	7.03 	*/,
 879          	/*   58 */ 28 /* 7.00	6.88 	*/,
 880          	/*   59 */ 27 /* 6.75	6.73 	*/,
 881          	/*   60 */ 26 /* 6.50	6.58 	*/,
 882          	/*   61 */ 26 /* 6.50	6.44 	*/,
 883          	/*   62 */ 25 /* 6.25	6.30 	*/,
 884          	/*   63 */ 25 /* 6.25	6.16 	*/,
 885          	/*   64 */ 24 /* 6.00	6.02 	*/,
 886          	/*   65 */ 24 /* 6.00	5.89 	*/,
 887          	/*   66 */ 23 /* 5.75	5.75 	*/,
 888          	/*   67 */ 22 /* 5.50	5.62 	*/,
 889          	/*   68 */ 22 /* 5.50	5.49 	*/,
 890          	/*   69 */ 21 /* 5.25	5.37 	*/,
 891          	/*   70 */ 21 /* 5.25	5.24 	*/,
 892          	/*   71 */ 20 /* 5.00	5.12 	*/,
 893          	/*   72 */ 20 /* 5.00	5.00 	*/,
 894          	/*   73 */ 20 /* 5.00	4.88 	*/,
 895          	/*   74 */ 19 /* 4.75	4.76 	*/,
 896          	/*   75 */ 19 /* 4.75	4.64 	*/,
 897          	/*   76 */ 18 /* 4.50	4.53 	*/,
 898          	/*   77 */ 18 /* 4.50	4.41 	*/,
 899          	/*   78 */ 17 /* 4.25	4.30 	*/,
 900          	/*   79 */ 17 /* 4.25	4.19 	*/,
 901          	/*   80 */ 16 /* 4.00	4.08 	*/,
 902          	/*   81 */ 16 /* 4.00	3.97 	*/,
 903          	/*   82 */ 15 /* 3.75	3.87 	*/,
 904          	/*   83 */ 15 /* 3.75	3.76 	*/,
 905          	/*   84 */ 15 /* 3.75	3.66 	*/,
 906          	/*   85 */ 14 /* 3.50	3.56 	*/,
 907          	/*   86 */ 14 /* 3.50	3.45 	*/,
 908          	/*   87 */ 13 /* 3.25	3.35 	*/,
 909          	/*   88 */ 13 /* 3.25	3.25 	*/,
 910          	/*   89 */ 13 /* 3.25	3.16 	*/,
 911          	/*   90 */ 12 /* 3.00	3.06 	*/,
 912          	/*   91 */ 12 /* 3.00	2.96 	*/,
 913          	/*   92 */ 11 /* 2.75	2.87 	*/,
 914          	/*   93 */ 11 /* 2.75	2.77 	*/,
 915          	/*   94 */ 11 /* 2.75	2.68 	*/,
 916          	/*   95 */ 10 /* 2.50	2.59 	*/,
 917          	/*   96 */ 10 /* 2.50	2.50 	*/,
 918          	/*   97 */ 10 /* 2.50	2.41 	*/,
 919          	/*   98 */ 9 /* 2.25	2.32 	*/,
 920          	/*   99 */ 9 /* 2.25	2.23 	*/,
 921          	/*  100 */ 9 /* 2.25	2.14 	*/,
 922          	/*  101 */ 8 /* 2.00	2.06 	*/,
 923          	/*  102 */ 8 /* 2.00	1.97 	*/,
C51 COMPILER V6.12  BARK                                                                   07/20/2015 16:37:40 PAGE 16  

 924          	/*  103 */ 8 /* 2.00	1.89 	*/,
 925          	/*  104 */ 7 /* 1.75	1.80 	*/,
 926          	/*  105 */ 7 /* 1.75	1.72 	*/,
 927          	/*  106 */ 7 /* 1.75	1.64 	*/,
 928          	/*  107 */ 6 /* 1.50	1.56 	*/,
 929          	/*  108 */ 6 /* 1.50	1.48 	*/,
 930          	/*  109 */ 6 /* 1.50	1.40 	*/,
 931          	/*  110 */ 5 /* 1.25	1.32 	*/,
 932          	/*  111 */ 5 /* 1.25	1.24 	*/,
 933          	/*  112 */ 5 /* 1.25	1.16 	*/,
 934          	/*  113 */ 4 /* 1.00	1.08 	*/,
 935          	/*  114 */ 4 /* 1.00	1.01 	*/,
 936          	/*  115 */ 4 /* 1.00	0.93 	*/,
 937          	/*  116 */ 3 /* 0.75	0.86 	*/,
 938          	/*  117 */ 3 /* 0.75	0.78 	*/,
 939          	/*  118 */ 3 /* 0.75	0.71 	*/,
 940          	/*  119 */ 3 /* 0.75	0.63 	*/,
 941          	/*  120 */ 2 /* 0.50	0.56 	*/,
 942          	/*  121 */ 2 /* 0.50	0.49 	*/,
 943          	/*  122 */ 2 /* 0.50	0.42 	*/,
 944          	/*  123 */ 1 /* 0.25	0.35 	*/,
 945          	/*  124 */ 1 /* 0.25	0.28 	*/,
 946          	/*  125 */ 1 /* 0.25	0.21 	*/,
 947          	/*  126 */ 1 /* 0.25	0.14 	*/,
 948          	/*  127 */ 0 /* 0.00	0.07 	*/,
 949          	/*  128 */ 0 /* 0.00	0.00 	*/,
 950          	/*  129 */ 0 /* 0.00	-0.07 	*/,
 951          	/*  130 */ 0 /* 0.00	-0.13 	*/,
 952          	/*  131 */ 0 /* 0.00	-0.20 	*/,
 953          	/*  132 */ 0 /* 0.00	-0.27 	*/,
 954          	/*  133 */ 0 /* 0.00	-0.33 	*/,
 955          	/*  134 */ -1 /* -0.25	-0.40 	*/,
 956          	/*  135 */ -1 /* -0.25	-0.46 	*/,
 957          	/*  136 */ -1 /* -0.25	-0.53 	*/,
 958          	/*  137 */ -1 /* -0.25	-0.59 	*/,
 959          	/*  138 */ -2 /* -0.50	-0.65 	*/,
 960          	/*  139 */ -2 /* -0.50	-0.72 	*/,
 961          	/*  140 */ -2 /* -0.50	-0.78 	*/,
 962          	/*  141 */ -2 /* -0.50	-0.84 	*/,
 963          	/*  142 */ -3 /* -0.75	-0.90 	*/,
 964          	/*  143 */ -3 /* -0.75	-0.96 	*/,
 965          	/*  144 */ -3 /* -0.75	-1.02 	*/,
 966          	/*  145 */ -3 /* -0.75	-1.08 	*/,
 967          	/*  146 */ -4 /* -1.00	-1.14 	*/,
 968          	/*  147 */ -4 /* -1.00	-1.20 	*/,
 969          	/*  148 */ -4 /* -1.00	-1.26 	*/,
 970          	/*  149 */ -4 /* -1.00	-1.32 	*/,
 971          	/*  150 */ -5 /* -1.25	-1.38 	*/,
 972          	/*  151 */ -5 /* -1.25	-1.44 	*/,
 973          	/*  152 */ -5 /* -1.25	-1.49 	*/,
 974          	/*  153 */ -5 /* -1.25	-1.55 	*/,
 975          	/*  154 */ -5 /* -1.25	-1.61 	*/,
 976          	/*  155 */ -6 /* -1.50	-1.66 	*/,
 977          	/*  156 */ -6 /* -1.50	-1.72 	*/,
 978          	/*  157 */ -6 /* -1.50	-1.77 	*/,
 979          	/*  158 */ -6 /* -1.50	-1.83 	*/,
 980          	/*  159 */ -7 /* -1.75	-1.88 	*/,
 981          	/*  160 */ -7 /* -1.75	-1.94 	*/,
 982          	/*  161 */ -7 /* -1.75	-1.99 	*/,
 983          	/*  162 */ -7 /* -1.75	-2.05 	*/,
 984          	/*  163 */ -7 /* -1.75	-2.10 	*/,
 985          	/*  164 */ -8 /* -2.00	-2.15 	*/,
C51 COMPILER V6.12  BARK                                                                   07/20/2015 16:37:40 PAGE 17  

 986          	/*  165 */ -8 /* -2.00	-2.21 	*/,
 987          	/*  166 */ -8 /* -2.00	-2.26 	*/,
 988          	/*  167 */ -8 /* -2.00	-2.31 	*/,
 989          	/*  168 */ -8 /* -2.00	-2.36 	*/,
 990          	/*  169 */ -9 /* -2.25	-2.41 	*/,
 991          	/*  170 */ -9 /* -2.25	-2.46 	*/,
 992          	/*  171 */ -9 /* -2.25	-2.52 	*/,
 993          	/*  172 */ -9 /* -2.25	-2.57 	*/,
 994          	/*  173 */ -9 /* -2.25	-2.62 	*/,
 995          	/*  174 */ -10 /* -2.50	-2.67 	*/,
 996          	/*  175 */ -10 /* -2.50	-2.72 	*/,
 997          	/*  176 */ -10 /* -2.50	-2.77 	*/,
 998          	/*  177 */ -10 /* -2.50	-2.82 	*/,
 999          	/*  178 */ -10 /* -2.50	-2.86 	*/,
1000          	/*  179 */ -11 /* -2.75	-2.91 	*/,
1001          	/*  180 */ -11 /* -2.75	-2.96 	*/,
1002          	/*  181 */ -11 /* -2.75	-3.01 	*/,
1003          	/*  182 */ -11 /* -2.75	-3.06 	*/,
1004          	/*  183 */ -11 /* -2.75	-3.10 	*/,
1005          	/*  184 */ -12 /* -3.00	-3.15 	*/,
1006          	/*  185 */ -12 /* -3.00	-3.20 	*/,
1007          	/*  186 */ -12 /* -3.00	-3.25 	*/,
1008          	/*  187 */ -12 /* -3.00	-3.29 	*/,
1009          	/*  188 */ -12 /* -3.00	-3.34 	*/,
1010          	/*  189 */ -13 /* -3.25	-3.39 	*/,
1011          	/*  190 */ -13 /* -3.25	-3.43 	*/,
1012          	/*  191 */ -13 /* -3.25	-3.48 	*/,
1013          	/*  192 */ -13 /* -3.25	-3.52 	*/,
1014          	/*  193 */ -13 /* -3.25	-3.57 	*/,
1015          	/*  194 */ -13 /* -3.25	-3.61 	*/,
1016          	/*  195 */ -14 /* -3.50	-3.66 	*/,
1017          	/*  196 */ -14 /* -3.50	-3.70 	*/,
1018          	/*  197 */ -14 /* -3.50	-3.75 	*/,
1019          	/*  198 */ -14 /* -3.50	-3.79 	*/,
1020          	/*  199 */ -14 /* -3.50	-3.83 	*/,
1021          	/*  200 */ -15 /* -3.75	-3.88 	*/,
1022          	/*  201 */ -15 /* -3.75	-3.92 	*/,
1023          	/*  202 */ -15 /* -3.75	-3.96 	*/,
1024          	/*  203 */ -15 /* -3.75	-4.01 	*/,
1025          	/*  204 */ -15 /* -3.75	-4.05 	*/,
1026          	/*  205 */ -15 /* -3.75	-4.09 	*/,
1027          	/*  206 */ -16 /* -4.00	-4.13 	*/,
1028          	/*  207 */ -16 /* -4.00	-4.18 	*/,
1029          	/*  208 */ -16 /* -4.00	-4.22 	*/,
1030          	/*  209 */ -16 /* -4.00	-4.26 	*/,
1031          	/*  210 */ -16 /* -4.00	-4.30 	*/,
1032          	/*  211 */ -16 /* -4.00	-4.34 	*/,
1033          	/*  212 */ -17 /* -4.25	-4.38 	*/,
1034          	/*  213 */ -17 /* -4.25	-4.42 	*/,
1035          	/*  214 */ -17 /* -4.25	-4.46 	*/,
1036          	/*  215 */ -17 /* -4.25	-4.50 	*/,
1037          	/*  216 */ -17 /* -4.25	-4.54 	*/,
1038          	/*  217 */ -17 /* -4.25	-4.58 	*/,
1039          	/*  218 */ -17 /* -4.25	-4.62 	*/,
1040          	/*  219 */ -18 /* -4.50	-4.66 	*/,
1041          	/*  220 */ -18 /* -4.50	-4.70 	*/,
1042          	/*  221 */ -18 /* -4.50	-4.74 	*/,
1043          	/*  222 */ -18 /* -4.50	-4.78 	*/,
1044          	/*  223 */ -18 /* -4.50	-4.82 	*/,
1045          	/*  224 */ -18 /* -4.50	-4.86 	*/,
1046          	/*  225 */ -19 /* -4.75	-4.90 	*/,
1047          	/*  226 */ -19 /* -4.75	-4.94 	*/,
C51 COMPILER V6.12  BARK                                                                   07/20/2015 16:37:40 PAGE 18  

1048          	/*  227 */ -19 /* -4.75	-4.98 	*/,
1049          	/*  228 */ -19 /* -4.75	-5.01 	*/,
1050          	/*  229 */ -19 /* -4.75	-5.05 	*/,
1051          	/*  230 */ -19 /* -4.75	-5.09 	*/,
1052          	/*  231 */ -20 /* -5.00	-5.13 	*/,
1053          	/*  232 */ -20 /* -5.00	-5.17 	*/,
1054          	/*  233 */ -20 /* -5.00	-5.20 	*/,
1055          	/*  234 */ -20 /* -5.00	-5.24 	*/,
1056          	/*  235 */ -20 /* -5.00	-5.28 	*/,
1057          	/*  236 */ -20 /* -5.00	-5.31 	*/,
1058          	/*  237 */ -20 /* -5.00	-5.35 	*/,
1059          	/*  238 */ -21 /* -5.25	-5.39 	*/,
1060          	/*  239 */ -21 /* -5.25	-5.42 	*/,
1061          	/*  240 */ -21 /* -5.25	-5.46 	*/,
1062          	/*  241 */ -21 /* -5.25	-5.50 	*/,
1063          	/*  242 */ -21 /* -5.25	-5.53 	*/,
1064          	/*  243 */ -21 /* -5.25	-5.57 	*/,
1065          	/*  244 */ -21 /* -5.25	-5.60 	*/,
1066          	/*  245 */ -22 /* -5.50	-5.64 	*/,
1067          	/*  246 */ -22 /* -5.50	-5.67 	*/,
1068          	/*  247 */ -22 /* -5.50	-5.71 	*/,
1069          	/*  248 */ -22 /* -5.50	-5.74 	*/,
1070          	/*  249 */ -22 /* -5.50	-5.78 	*/,
1071          	/*  250 */ -22 /* -5.50	-5.81 	*/,
1072          	/*  251 */ -22 /* -5.50	-5.85 	*/,
1073          	/*  252 */ -23 /* -5.75	-5.88 	*/,
1074          	/*  253 */ -32 /* -8.00	-5.92 	*/,
1075          	/*  254 */ -64 /* -16	-5.95 	*/,
1076          	/*  255 */ -128 /* -32	-5.99 	*/
1077          	};
1078          	
1079          signed char code thermo_correction_focus75[36] = {
1080          /*	¹	T	Íàïð.Â	Íàïð. öèôð			Ïîïðàâêà */
1081          /*	0	80	-0.050	12.79180328		*/	13	,
1082          /*	1	76	-0.047	11.93901639		*/	12	,
1083          /*	2	72	-0.043	11.08622951		*/	11	,
1084          /*	3	68	-0.040	10.23344262		*/	10	,
1085          /*	4	64	-0.037	9.380655738		*/	9	,
1086          /*	5	60	-0.033	8.527868852		*/	9	,
1087          /*	6	56	-0.030	7.675081967		*/	8	,
1088          /*	7	52	-0.027	6.822295082		*/	7	,
1089          /*	8	48	-0.023	5.969508197		*/	6	,
1090          /*	9	44	-0.020	5.116721311		*/	5	,
1091          /*	10	40	-0.017	4.263934426		*/	4	,
1092          /*	11	36	-0.013	3.411147541		*/	3	,
1093          /*	12	32	-0.010	2.558360656		*/	3	,
1094          /*	13	28	-0.007	1.70557377		*/	2	,
1095          /*	14	24	-0.003	0.852786885		*/	1	,
1096          /*	15	20	0.000	0				*/	0	,
1097          /*	16	16	0.003	-0.725060241	*/	-1	,
1098          /*	17	12	0.006	-1.450120482	*/	-1	,
1099          /*	18	8	0.009	-2.175180723	*/	-2	,
1100          /*	19	4	0.011	-2.900240964	*/	-3	,
1101          /*	20	0	0.014	-3.625301205	*/	-4	,
1102          /*	21	-4	0.017	-4.350361446	*/	-4	,
1103          /*	22	-8	0.020	-5.075421687	*/	-5	,
1104          /*	23	-12	0.023	-5.800481928	*/	-6	,
1105          /*	24	-16	0.026	-6.525542169	*/	-7	,
1106          /*	25	-20	0.028	-7.25060241 	*/	-7	,
1107          /*	26	-24	0.031	-7.975662651	*/	-8	,
1108          /*	27	-28	0.034	-8.700722892	*/	-9	,
1109          /*	28	-32	0.037	-9.425783133	*/	-9	,
C51 COMPILER V6.12  BARK                                                                   07/20/2015 16:37:40 PAGE 19  

1110          /*	29	-36	0.040	-10.15084337	*/	-10	,
1111          /*	30	-40	0.043	-10.87590361	*/	-11	,
1112          /*	31	-44	0.045	-11.60096386	*/	-12	,
1113          /*	32	-48	0.048	-12.3260241 	*/	-12	,
1114          /*	33	-52	0.051	-13.05108434	*/	-13	,
1115          /*	34	-56	0.054	-13.77614458	*/	-14	,
1116          /*	35	-60	0.057	-14.50120482	*/	-15	
1117          	};
1118          	
1119          signed char code thermo_correction_focus300[71] = {
1120          /*	¹	Ò	Íàïð.Â	Íàïð. öèôð.		Ïîïðàâêà	*/
1121          /*	0	80	-0.164	41.8098 	*/	42	,
1122          /*	1	78	-0.159	40.4175 	*/	40	,
1123          /*	2	76	-0.153	39.0252 	*/	39	,
1124          /*	3	74	-0.148	37.6329 	*/	38	,
1125          /*	4	72	-0.142	36.2406 	*/	36	,
1126          /*	5	70	-0.137	34.8483 	*/	35	,
1127          /*	6	68	-0.131	33.456 		*/	33	,
1128          /*	7	66	-0.126	32.0637 	*/	32	,
1129          /*	8	64	-0.120	30.6714 	*/	31	,
1130          /*	9	62	-0.115	29.2791 	*/	29	,
1131          /*	10	60	-0.109	27.8868 	*/	28	,
1132          /*	11	58	-0.104	26.4945 	*/	26	,
1133          /*	12	56	-0.098	25.1022 	*/	25	,
1134          /*	13	54	-0.093	23.7099 	*/	24	,
1135          /*	14	52	-0.088	22.3176 	*/	22	,
1136          /*	15	50	-0.082	20.9253 	*/	21	,
1137          /*	16	48	-0.077	19.533  	*/	20	,
1138          /*	17	46	-0.071	18.1407 	*/	18	,
1139          /*	18	44	-0.066	16.7484 	*/	17	,
1140          /*	19	42	-0.060	15.3561 	*/	15	,
1141          /*	20	40	-0.055	13.9638 	*/	14	,
1142          /*	21	38	-0.049	12.5715 	*/	13	,
1143          /*	22	36	-0.044	11.1792 	*/	11	,
1144          /*	23	34	-0.038	9.7869  	*/	10	,
1145          /*	24	32	-0.033	8.3946  	*/	8	,
1146          /*	25	30	-0.027	7.0023  	*/	7	,
1147          /*	26	28	-0.022	5.61    	*/	6	,
1148          /*	27	26	-0.017	4.2177  	*/	4	,
1149          /*	28	24	-0.011	2.8254  	*/	3	,
1150          /*	29	22	-0.006	1.4331  	*/	1	,
1151          /*	30	20	0.000	-0.0153 	*/	0	,
1152          /*	31	18	0.005	-1.2036 	*/	-1	,
1153          /*	32	16	0.009	-2.3919 	*/	-2	,
1154          /*	33	14	0.014	-3.5802 	*/	-4	,
1155          /*	34	12	0.019	-4.7685 	*/	-5	,
1156          /*	35	10	0.023	-5.9568 	*/	-6	,
1157          /*	36	8	0.028	-7.1451 	*/	-7	,
1158          /*	37	6	0.033	-8.3334 	*/	-8	,
1159          /*	38	4	0.037	-9.5217 	*/	-10	,
1160          /*	39	2	0.042	-10.71    */	-11	,
1161          /*	40	0	0.047	-11.8983	*/	-12	,
1162          /*	41	-2	0.051	-13.0866	*/	-13	,
1163          /*	42	-4	0.056	-14.2749	*/	-14	,
1164          /*	43	-6	0.061	-15.4632	*/	-15	,
1165          /*	44	-8	0.065	-16.6515	*/	-17	,
1166          /*	45	-10	0.070	-17.8398	*/	-18	,
1167          /*	46	-12	0.075	-19.0281	*/	-19	,
1168          /*	47	-14	0.079	-20.2164	*/	-20	,
1169          /*	48	-16	0.084	-21.4047	*/	-21	,
1170          /*	49	-18	0.089	-22.593 	*/	-23	,
1171          /*	50	-20	0.093	-23.7813	*/	-24	,
C51 COMPILER V6.12  BARK                                                                   07/20/2015 16:37:40 PAGE 20  

1172          /*	51	-22	0.098	-24.9696	*/	-25	,
1173          /*	52	-24	0.103	-26.1579	*/	-26	,
1174          /*	53	-26	0.107	-27.3462	*/	-27	,
1175          /*	54	-28	0.112	-28.5345	*/	-29	,
1176          /*	55	-30	0.117	-29.7228	*/	-30	,
1177          /*	56	-32	0.121	-30.9111	*/	-31	,
1178          /*	57	-34	0.126	-32.0994	*/	-32	,
1179          /*	58	-36	0.131	-33.2877	*/	-33	,
1180          /*	59	-38	0.135	-34.476 	*/	-34	,
1181          /*	60	-40	0.140	-35.6643	*/	-36	,
1182          /*	61	-42	0.145	-36.8526	*/	-37	,
1183          /*	62	-44	0.149	-38.0409	*/	-38	,
1184          /*	63	-46	0.154	-39.2292	*/	-39	,
1185          /*	64	-48	0.159	-40.4175	*/	-40	,
1186          /*	65	-50	0.163	-41.6058	*/	-42	,
1187          /*	66	-52	0.168	-42.7941	*/	-43	,
1188          /*	67	-54	0.172	-43.9824	*/	-44	,
1189          /*	68	-56	0.177	-45.1707	*/	-45	,
1190          /*	69	-58	0.182	-46.359 	*/	-46	,
1191          /*	70	-60	0.186	-47.5473	*/	-48	
1192          };
1193          
1194          unsigned char focus[4] = { 0, INFINITY_15, INFINITY_6, 0 };
1195          
1196          void FocusThermoCorrection( unsigned char temp )
1197          {
1198   1          unsigned char ucTemp = 0x00;
1199   1      
1200   1      	ucTemp = ((unsigned char)80 - (unsigned char)temp ) >> 1;
1201   1      	if( ucTemp > 70 ) ucTemp = 70;
1202   1      	focus[ NORD300 ] = ucInfinity_1_5 + thermo_correction_focus300[ ucTemp ];
1203   1      
1204   1      	ucTemp = ucTemp >> 1;
1205   1      	if( ucTemp > 35 ) ucTemp = 35;
1206   1      	focus[ NORD75 ] = ucInfinity_6  + thermo_correction_focus75[ucTemp];
1207   1      }


MODULE INFORMATION:   STATIC OVERLAYABLE
   CODE SIZE        =     49    ----
   CONSTANT SIZE    =   3199    ----
   XDATA SIZE       =   ----    ----
   PDATA SIZE       =   ----    ----
   DATA SIZE        =      6    ----
   IDATA SIZE       =     21    ----
   BIT SIZE         =   ----    ----
END OF MODULE INFORMATION.


C51 COMPILATION COMPLETE.  0 WARNING(S),  0 ERROR(S)
